{"/home/travis/build/npmtest/node-npmtest-nodeadmin/test.js":{"path":"/home/travis/build/npmtest/node-npmtest-nodeadmin/test.js","s":{"1":2,"2":2,"3":2,"4":2,"5":2,"6":2,"7":2,"8":1,"9":2,"10":2,"11":1,"12":1,"13":1,"14":1,"15":2,"16":2,"17":2,"18":2,"19":1,"20":1,"21":2,"22":2,"23":2,"24":1,"25":1,"26":1,"27":1,"28":1,"29":1,"30":1,"31":1,"32":1,"33":1,"34":1,"35":1,"36":1,"37":1,"38":1,"39":2,"40":2,"41":1,"42":2,"43":2,"44":1,"45":2,"46":2,"47":1,"48":2,"49":2,"50":1,"51":1,"52":1,"53":1,"54":1},"b":{"1":[2,1,1,1],"2":[1,1,1,1],"3":[1,1],"4":[1,1],"5":[1,1],"6":[1,1],"7":[1,1],"8":[1,1],"9":[1,1],"10":[1,1,1],"11":[1,1],"12":[1,1],"13":[1,1],"14":[1,1],"15":[1,1],"16":[1,1],"17":[1,1]},"f":{"1":2,"2":2,"3":2,"4":2,"5":2,"6":1,"7":1,"8":1,"9":2,"10":2,"11":2,"12":2,"13":1},"fnMap":{"1":{"name":"(anonymous_1)","line":12,"loc":{"start":{"line":12,"column":1},"end":{"line":12,"column":13}}},"2":{"name":"(anonymous_2)","line":19,"loc":{"start":{"line":19,"column":5},"end":{"line":19,"column":17}}},"3":{"name":"(anonymous_3)","line":23,"loc":{"start":{"line":23,"column":24},"end":{"line":23,"column":36}}},"4":{"name":"(anonymous_4)","line":61,"loc":{"start":{"line":61,"column":5},"end":{"line":61,"column":17}}},"5":{"name":"(anonymous_5)","line":82,"loc":{"start":{"line":82,"column":5},"end":{"line":82,"column":17}}},"6":{"name":"(anonymous_6)","line":91,"loc":{"start":{"line":91,"column":77},"end":{"line":94,"column":10}}},"7":{"name":"(anonymous_7)","line":112,"loc":{"start":{"line":112,"column":83},"end":{"line":115,"column":10}},"skip":true},"8":{"name":"(anonymous_8)","line":123,"loc":{"start":{"line":123,"column":77},"end":{"line":126,"column":10}},"skip":true},"9":{"name":"(anonymous_9)","line":139,"loc":{"start":{"line":139,"column":12},"end":{"line":139,"column":40}},"skip":true},"10":{"name":"(anonymous_10)","line":147,"loc":{"start":{"line":147,"column":77},"end":{"line":150,"column":10}},"skip":true},"11":{"name":"(anonymous_11)","line":158,"loc":{"start":{"line":158,"column":83},"end":{"line":161,"column":10}},"skip":true},"12":{"name":"(anonymous_12)","line":169,"loc":{"start":{"line":169,"column":79},"end":{"line":172,"column":10}},"skip":true},"13":{"name":"(anonymous_13)","line":180,"loc":{"start":{"line":180,"column":75},"end":{"line":183,"column":10}},"skip":true}},"statementMap":{"1":{"start":{"line":12,"column":0},"end":{"line":195,"column":5}},"2":{"start":{"line":14,"column":4},"end":{"line":14,"column":14}},"3":{"start":{"line":19,"column":4},"end":{"line":56,"column":9}},"4":{"start":{"line":21,"column":8},"end":{"line":21,"column":19}},"5":{"start":{"line":23,"column":8},"end":{"line":35,"column":13}},"6":{"start":{"line":24,"column":12},"end":{"line":34,"column":13}},"7":{"start":{"line":25,"column":16},"end":{"line":28,"column":30}},"8":{"start":{"line":30,"column":16},"end":{"line":33,"column":27}},"9":{"start":{"line":37,"column":8},"end":{"line":39,"column":21}},"10":{"start":{"line":40,"column":8},"end":{"line":53,"column":9}},"11":{"start":{"line":43,"column":12},"end":{"line":46,"column":14}},"12":{"start":{"line":47,"column":12},"end":{"line":47,"column":18}},"13":{"start":{"line":50,"column":12},"end":{"line":51,"column":33}},"14":{"start":{"line":52,"column":12},"end":{"line":52,"column":18}},"15":{"start":{"line":55,"column":8},"end":{"line":55,"column":35}},"16":{"start":{"line":61,"column":4},"end":{"line":63,"column":9}},"17":{"start":{"line":62,"column":8},"end":{"line":62,"column":15}},"18":{"start":{"line":64,"column":4},"end":{"line":77,"column":5}},"19":{"start":{"line":70,"column":8},"end":{"line":70,"column":14}},"20":{"start":{"line":76,"column":8},"end":{"line":76,"column":14}},"21":{"start":{"line":82,"column":4},"end":{"line":84,"column":9}},"22":{"start":{"line":83,"column":8},"end":{"line":83,"column":15}},"23":{"start":{"line":85,"column":4},"end":{"line":194,"column":5}},"24":{"start":{"line":91,"column":8},"end":{"line":99,"column":10}},"25":{"start":{"line":98,"column":12},"end":{"line":98,"column":35}},"26":{"start":{"line":102,"column":8},"end":{"line":104,"column":63}},"27":{"start":{"line":105,"column":8},"end":{"line":105,"column":14}},"28":{"start":{"line":112,"column":8},"end":{"line":121,"column":10},"skip":true},"29":{"start":{"line":119,"column":12},"end":{"line":119,"column":55},"skip":true},"30":{"start":{"line":120,"column":12},"end":{"line":120,"column":48},"skip":true},"31":{"start":{"line":123,"column":8},"end":{"line":136,"column":10},"skip":true},"32":{"start":{"line":130,"column":12},"end":{"line":130,"column":76},"skip":true},"33":{"start":{"line":131,"column":12},"end":{"line":131,"column":73},"skip":true},"34":{"start":{"line":132,"column":12},"end":{"line":132,"column":74},"skip":true},"35":{"start":{"line":133,"column":12},"end":{"line":133,"column":79},"skip":true},"36":{"start":{"line":134,"column":12},"end":{"line":134,"column":25},"skip":true},"37":{"start":{"line":135,"column":12},"end":{"line":135,"column":45},"skip":true},"38":{"start":{"line":138,"column":8},"end":{"line":145,"column":14},"skip":true},"39":{"start":{"line":143,"column":16},"end":{"line":143,"column":29},"skip":true},"40":{"start":{"line":144,"column":16},"end":{"line":144,"column":55},"skip":true},"41":{"start":{"line":147,"column":8},"end":{"line":156,"column":10},"skip":true},"42":{"start":{"line":154,"column":12},"end":{"line":154,"column":25},"skip":true},"43":{"start":{"line":155,"column":12},"end":{"line":155,"column":45},"skip":true},"44":{"start":{"line":158,"column":8},"end":{"line":167,"column":10},"skip":true},"45":{"start":{"line":165,"column":12},"end":{"line":165,"column":25},"skip":true},"46":{"start":{"line":166,"column":12},"end":{"line":166,"column":48},"skip":true},"47":{"start":{"line":169,"column":8},"end":{"line":178,"column":10},"skip":true},"48":{"start":{"line":176,"column":12},"end":{"line":176,"column":25},"skip":true},"49":{"start":{"line":177,"column":12},"end":{"line":177,"column":46},"skip":true},"50":{"start":{"line":180,"column":8},"end":{"line":189,"column":10},"skip":true},"51":{"start":{"line":187,"column":12},"end":{"line":187,"column":94},"skip":true},"52":{"start":{"line":188,"column":12},"end":{"line":188,"column":48},"skip":true},"53":{"start":{"line":192,"column":8},"end":{"line":192,"column":35},"skip":true},"54":{"start":{"line":193,"column":8},"end":{"line":193,"column":14},"skip":true}},"branchMap":{"1":{"line":25,"type":"binary-expr","locations":[{"start":{"line":25,"column":23},"end":{"line":25,"column":62}},{"start":{"line":26,"column":20},"end":{"line":26,"column":70}},{"start":{"line":27,"column":20},"end":{"line":27,"column":71}},{"start":{"line":28,"column":20},"end":{"line":28,"column":29}}]},"2":{"line":30,"type":"binary-expr","locations":[{"start":{"line":30,"column":23},"end":{"line":30,"column":37}},{"start":{"line":31,"column":20},"end":{"line":31,"column":61}},{"start":{"line":32,"column":20},"end":{"line":32,"column":70}},{"start":{"line":33,"column":20},"end":{"line":33,"column":26}}]},"3":{"line":37,"type":"cond-expr","locations":[{"start":{"line":38,"column":14},"end":{"line":38,"column":20}},{"start":{"line":39,"column":14},"end":{"line":39,"column":20}}]},"4":{"line":40,"type":"switch","locations":[{"start":{"line":42,"column":8},"end":{"line":47,"column":18}},{"start":{"line":49,"column":8},"end":{"line":52,"column":18}}]},"5":{"line":44,"type":"binary-expr","locations":[{"start":{"line":44,"column":16},"end":{"line":44,"column":44}},{"start":{"line":44,"column":48},"end":{"line":44,"column":66}}]},"6":{"line":50,"type":"binary-expr","locations":[{"start":{"line":50,"column":21},"end":{"line":50,"column":49}},{"start":{"line":50,"column":53},"end":{"line":50,"column":72}}]},"7":{"line":64,"type":"switch","locations":[{"start":{"line":69,"column":4},"end":{"line":70,"column":14}},{"start":{"line":75,"column":4},"end":{"line":76,"column":14}}]},"8":{"line":85,"type":"switch","locations":[{"start":{"line":90,"column":4},"end":{"line":105,"column":14}},{"start":{"line":111,"column":4},"end":{"line":193,"column":14},"skip":true}]},"9":{"line":91,"type":"binary-expr","locations":[{"start":{"line":91,"column":42},"end":{"line":91,"column":73}},{"start":{"line":91,"column":77},"end":{"line":99,"column":9}}]},"10":{"line":102,"type":"binary-expr","locations":[{"start":{"line":102,"column":18},"end":{"line":102,"column":32}},{"start":{"line":103,"column":12},"end":{"line":103,"column":53}},{"start":{"line":104,"column":12},"end":{"line":104,"column":61}}]},"11":{"line":112,"type":"binary-expr","locations":[{"start":{"line":112,"column":45},"end":{"line":112,"column":79},"skip":true},{"start":{"line":112,"column":83},"end":{"line":121,"column":9},"skip":true}]},"12":{"line":123,"type":"binary-expr","locations":[{"start":{"line":123,"column":42},"end":{"line":123,"column":73},"skip":true},{"start":{"line":123,"column":77},"end":{"line":136,"column":9},"skip":true}]},"13":{"line":138,"type":"binary-expr","locations":[{"start":{"line":138,"column":48},"end":{"line":138,"column":85},"skip":true},{"start":{"line":139,"column":12},"end":{"line":145,"column":13},"skip":true}]},"14":{"line":147,"type":"binary-expr","locations":[{"start":{"line":147,"column":42},"end":{"line":147,"column":73},"skip":true},{"start":{"line":147,"column":77},"end":{"line":156,"column":9},"skip":true}]},"15":{"line":158,"type":"binary-expr","locations":[{"start":{"line":158,"column":45},"end":{"line":158,"column":79},"skip":true},{"start":{"line":158,"column":83},"end":{"line":167,"column":9},"skip":true}]},"16":{"line":169,"type":"binary-expr","locations":[{"start":{"line":169,"column":43},"end":{"line":169,"column":75},"skip":true},{"start":{"line":169,"column":79},"end":{"line":178,"column":9},"skip":true}]},"17":{"line":180,"type":"binary-expr","locations":[{"start":{"line":180,"column":41},"end":{"line":180,"column":71},"skip":true},{"start":{"line":180,"column":75},"end":{"line":189,"column":9},"skip":true}]}},"code":["/* istanbul instrument in package npmtest_nodeadmin */","/*jslint","    bitwise: true,","    browser: true,","    maxerr: 8,","    maxlen: 96,","    node: true,","    nomen: true,","    regexp: true,","    stupid: true","*/","(function () {","    'use strict';","    var local;","","","","    // run shared js-env code - pre-init","    (function () {","        // init local","        local = {};","        // init modeJs","        local.modeJs = (function () {","            try {","                return typeof navigator.userAgent === 'string' &&","                    typeof document.querySelector('body') === 'object' &&","                    typeof XMLHttpRequest.prototype.open === 'function' &&","                    'browser';","            } catch (errorCaughtBrowser) {","                return module.exports &&","                    typeof process.versions.node === 'string' &&","                    typeof require('http').createServer === 'function' &&","                    'node';","            }","        }());","        // init global","        local.global = local.modeJs === 'browser'","            ? window","            : global;","        switch (local.modeJs) {","        // re-init local from window.local","        case 'browser':","            local = local.global.utility2.objectSetDefault(","                local.global.utility2_rollup || local.global.local,","                local.global.utility2","            );","            break;","        // re-init local from example.js","        case 'node':","            local = (local.global.utility2_rollup || require('utility2'))","                .requireReadme();","            break;","        }","        // export local","        local.global.local = local;","    }());","","","","    // run shared js-env code - function","    (function () {","        return;","    }());","    switch (local.modeJs) {","","","","    // run browser js-env code - function","    case 'browser':","        break;","","","","    // run node js-env code - function","    case 'node':","        break;","    }","","","","    // run shared js-env code - post-init","    (function () {","        return;","    }());","    switch (local.modeJs) {","","","","    // run browser js-env code - post-init","    case 'browser':","        local.testCase_browser_nullCase = local.testCase_browser_nullCase || function (","            options,","            onError","        ) {","        /*","         * this function will test browsers's null-case handling-behavior-behavior","         */","            onError(null, options);","        };","","        // run tests","        local.nop(local.modeTest &&","            document.querySelector('#testRunButton1') &&","            document.querySelector('#testRunButton1').click());","        break;","","","","    // run node js-env code - post-init","    /* istanbul ignore next */","    case 'node':","        local.testCase_buildApidoc_default = local.testCase_buildApidoc_default || function (","            options,","            onError","        ) {","        /*","         * this function will test buildApidoc's default handling-behavior-behavior","         */","            options = { modulePathList: module.paths };","            local.buildApidoc(options, onError);","        };","","        local.testCase_buildApp_default = local.testCase_buildApp_default || function (","            options,","            onError","        ) {","        /*","         * this function will test buildApp's default handling-behavior-behavior","         */","            local.testCase_buildReadme_default(options, local.onErrorThrow);","            local.testCase_buildLib_default(options, local.onErrorThrow);","            local.testCase_buildTest_default(options, local.onErrorThrow);","            local.testCase_buildCustomOrg_default(options, local.onErrorThrow);","            options = [];","            local.buildApp(options, onError);","        };","","        local.testCase_buildCustomOrg_default = local.testCase_buildCustomOrg_default ||","            function (options, onError) {","            /*","             * this function will test buildCustomOrg's default handling-behavior","             */","                options = {};","                local.buildCustomOrg(options, onError);","            };","","        local.testCase_buildLib_default = local.testCase_buildLib_default || function (","            options,","            onError","        ) {","        /*","         * this function will test buildLib's default handling-behavior","         */","            options = {};","            local.buildLib(options, onError);","        };","","        local.testCase_buildReadme_default = local.testCase_buildReadme_default || function (","            options,","            onError","        ) {","        /*","         * this function will test buildReadme's default handling-behavior-behavior","         */","            options = {};","            local.buildReadme(options, onError);","        };","","        local.testCase_buildTest_default = local.testCase_buildTest_default || function (","            options,","            onError","        ) {","        /*","         * this function will test buildTest's default handling-behavior","         */","            options = {};","            local.buildTest(options, onError);","        };","","        local.testCase_webpage_default = local.testCase_webpage_default || function (","            options,","            onError","        ) {","        /*","         * this function will test webpage's default handling-behavior","         */","            options = { modeCoverageMerge: true, url: local.serverLocalHost + '?modeTest=1' };","            local.browserTest(options, onError);","        };","","        // run test-server","        local.testRunServer(local);","        break;","    }","}());",""],"l":{"12":2,"14":2,"19":2,"21":2,"23":2,"24":2,"25":2,"30":1,"37":2,"40":2,"43":1,"47":1,"50":1,"52":1,"55":2,"61":2,"62":2,"64":2,"70":1,"76":1,"82":2,"83":2,"85":2,"91":1,"98":1,"102":1,"105":1,"112":1,"119":1,"120":1,"123":1,"130":1,"131":1,"132":1,"133":1,"134":1,"135":1,"138":1,"143":2,"144":2,"147":1,"154":2,"155":2,"158":1,"165":2,"166":2,"169":1,"176":2,"177":2,"180":1,"187":1,"188":1,"192":1,"193":1}},"/home/travis/build/npmtest/node-npmtest-nodeadmin/lib.npmtest_nodeadmin.js":{"path":"/home/travis/build/npmtest/node-npmtest-nodeadmin/lib.npmtest_nodeadmin.js","s":{"1":2,"2":2,"3":2,"4":2,"5":2,"6":2,"7":2,"8":1,"9":2,"10":2,"11":2,"12":2,"13":1,"14":1,"15":1,"16":1},"b":{"1":[2,1,1,1],"2":[1,1,1,1],"3":[1,1],"4":[2,2],"5":[1,1]},"f":{"1":2,"2":2,"3":2},"fnMap":{"1":{"name":"(anonymous_1)","line":12,"loc":{"start":{"line":12,"column":1},"end":{"line":12,"column":13}}},"2":{"name":"(anonymous_2)","line":19,"loc":{"start":{"line":19,"column":5},"end":{"line":19,"column":17}}},"3":{"name":"(anonymous_3)","line":23,"loc":{"start":{"line":23,"column":24},"end":{"line":23,"column":36}}}},"statementMap":{"1":{"start":{"line":12,"column":0},"end":{"line":53,"column":5}},"2":{"start":{"line":14,"column":4},"end":{"line":14,"column":14}},"3":{"start":{"line":19,"column":4},"end":{"line":52,"column":9}},"4":{"start":{"line":21,"column":8},"end":{"line":21,"column":19}},"5":{"start":{"line":23,"column":8},"end":{"line":35,"column":13}},"6":{"start":{"line":24,"column":12},"end":{"line":34,"column":13}},"7":{"start":{"line":25,"column":16},"end":{"line":28,"column":30}},"8":{"start":{"line":30,"column":16},"end":{"line":33,"column":27}},"9":{"start":{"line":37,"column":8},"end":{"line":39,"column":21}},"10":{"start":{"line":41,"column":8},"end":{"line":41,"column":54}},"11":{"start":{"line":43,"column":8},"end":{"line":43,"column":54}},"12":{"start":{"line":45,"column":8},"end":{"line":51,"column":9}},"13":{"start":{"line":46,"column":12},"end":{"line":46,"column":60}},"14":{"start":{"line":48,"column":12},"end":{"line":48,"column":35}},"15":{"start":{"line":49,"column":12},"end":{"line":49,"column":49}},"16":{"start":{"line":50,"column":12},"end":{"line":50,"column":43}}},"branchMap":{"1":{"line":25,"type":"binary-expr","locations":[{"start":{"line":25,"column":23},"end":{"line":25,"column":62}},{"start":{"line":26,"column":20},"end":{"line":26,"column":70}},{"start":{"line":27,"column":20},"end":{"line":27,"column":71}},{"start":{"line":28,"column":20},"end":{"line":28,"column":29}}]},"2":{"line":30,"type":"binary-expr","locations":[{"start":{"line":30,"column":23},"end":{"line":30,"column":37}},{"start":{"line":31,"column":20},"end":{"line":31,"column":61}},{"start":{"line":32,"column":20},"end":{"line":32,"column":70}},{"start":{"line":33,"column":20},"end":{"line":33,"column":26}}]},"3":{"line":37,"type":"cond-expr","locations":[{"start":{"line":38,"column":14},"end":{"line":38,"column":20}},{"start":{"line":39,"column":14},"end":{"line":39,"column":20}}]},"4":{"line":41,"type":"binary-expr","locations":[{"start":{"line":41,"column":16},"end":{"line":41,"column":44}},{"start":{"line":41,"column":48},"end":{"line":41,"column":53}}]},"5":{"line":45,"type":"if","locations":[{"start":{"line":45,"column":8},"end":{"line":45,"column":8}},{"start":{"line":45,"column":8},"end":{"line":45,"column":8}}]}},"code":["/* istanbul instrument in package npmtest_nodeadmin */","/*jslint","    bitwise: true,","    browser: true,","    maxerr: 8,","    maxlen: 96,","    node: true,","    nomen: true,","    regexp: true,","    stupid: true","*/","(function () {","    'use strict';","    var local;","","","","    // run shared js-env code - pre-init","    (function () {","        // init local","        local = {};","        // init modeJs","        local.modeJs = (function () {","            try {","                return typeof navigator.userAgent === 'string' &&","                    typeof document.querySelector('body') === 'object' &&","                    typeof XMLHttpRequest.prototype.open === 'function' &&","                    'browser';","            } catch (errorCaughtBrowser) {","                return module.exports &&","                    typeof process.versions.node === 'string' &&","                    typeof require('http').createServer === 'function' &&","                    'node';","            }","        }());","        // init global","        local.global = local.modeJs === 'browser'","            ? window","            : global;","        // init utility2_rollup","        local = local.global.utility2_rollup || local;","        // init lib","        local.local = local.npmtest_nodeadmin = local;","        // init exports","        if (local.modeJs === 'browser') {","            local.global.utility2_npmtest_nodeadmin = local;","        } else {","            module.exports = local;","            module.exports.__dirname = __dirname;","            module.exports.module = module;","        }","    }());","}());",""],"l":{"12":2,"14":2,"19":2,"21":2,"23":2,"24":2,"25":2,"30":1,"37":2,"41":2,"43":2,"45":2,"46":1,"48":1,"49":1,"50":1}},"/home/travis/build/npmtest/node-npmtest-nodeadmin/example.js":{"path":"/home/travis/build/npmtest/node-npmtest-nodeadmin/example.js","s":{"1":2,"2":2,"3":2,"4":2,"5":2,"6":2,"7":2,"8":1,"9":2,"10":2,"11":2,"12":2,"13":1,"14":2,"15":2,"16":2,"17":2,"18":2,"19":0,"20":2,"21":1,"22":1,"23":1,"24":1,"25":1,"26":0,"27":0,"28":1,"29":1,"30":2,"31":0,"32":0,"33":0,"34":1,"35":2,"36":2,"37":3,"38":3,"39":3,"40":3,"41":0,"42":3,"43":3,"44":3,"45":1,"46":3,"47":1,"48":1,"49":1,"50":1,"51":1,"52":1,"53":1,"54":1,"55":1,"56":1,"57":0,"58":1,"59":6,"60":6,"61":1,"62":2,"63":0,"64":2,"65":1,"66":1,"67":0,"68":0,"69":0,"70":0,"71":0,"72":0,"73":0,"74":0,"75":0,"76":0,"77":0,"78":0,"79":0,"80":0,"81":0,"82":0,"83":0},"b":{"1":[2,1,1,1],"2":[1,1,1,1],"3":[1,1],"4":[2,2],"5":[1,1],"6":[1,1],"7":[2,0],"8":[2,1,1,1,1,1],"9":[0,2,0],"10":[1,1],"11":[2,1,1],"12":[1,0],"13":[0,2],"14":[2,0,0,0,0,0,0],"15":[0,3],"16":[3,0],"17":[1,1],"18":[0,1],"19":[1,2,0,2],"20":[1,0],"21":[1,1],"22":[0,0],"23":[0,0],"24":[0,0],"25":[0,0],"26":[0,0],"27":[0,0],"28":[0,0]},"f":{"1":2,"2":2,"3":2,"4":2,"5":2,"6":2,"7":3,"8":3,"9":3,"10":1,"11":6,"12":0},"fnMap":{"1":{"name":"(anonymous_1)","line":26,"loc":{"start":{"line":26,"column":1},"end":{"line":26,"column":13}}},"2":{"name":"(anonymous_2)","line":33,"loc":{"start":{"line":33,"column":5},"end":{"line":33,"column":17}}},"3":{"name":"(anonymous_3)","line":37,"loc":{"start":{"line":37,"column":24},"end":{"line":37,"column":36}}},"4":{"name":"(anonymous_4)","line":69,"loc":{"start":{"line":69,"column":31},"end":{"line":69,"column":48}},"skip":true},"5":{"name":"(anonymous_5)","line":78,"loc":{"start":{"line":78,"column":26},"end":{"line":78,"column":45}},"skip":true},"6":{"name":"(anonymous_6)","line":123,"loc":{"start":{"line":123,"column":33},"end":{"line":123,"column":48}},"skip":true},"7":{"name":"(anonymous_7)","line":125,"loc":{"start":{"line":125,"column":27},"end":{"line":125,"column":39}},"skip":true},"8":{"name":"(anonymous_8)","line":133,"loc":{"start":{"line":133,"column":59},"end":{"line":133,"column":74}},"skip":true},"9":{"name":"(anonymous_9)","line":143,"loc":{"start":{"line":143,"column":45},"end":{"line":143,"column":62}},"skip":true},"10":{"name":"(anonymous_10)","line":144,"loc":{"start":{"line":144,"column":73},"end":{"line":144,"column":92}},"skip":true},"11":{"name":"(anonymous_11)","line":272,"loc":{"start":{"line":272,"column":51},"end":{"line":272,"column":77}},"skip":true},"12":{"name":"(anonymous_12)","line":315,"loc":{"start":{"line":315,"column":32},"end":{"line":315,"column":61}},"skip":true}},"statementMap":{"1":{"start":{"line":26,"column":0},"end":{"line":326,"column":5}},"2":{"start":{"line":28,"column":4},"end":{"line":28,"column":14}},"3":{"start":{"line":33,"column":4},"end":{"line":60,"column":9}},"4":{"start":{"line":35,"column":8},"end":{"line":35,"column":19}},"5":{"start":{"line":37,"column":8},"end":{"line":49,"column":13}},"6":{"start":{"line":38,"column":12},"end":{"line":48,"column":13}},"7":{"start":{"line":39,"column":16},"end":{"line":42,"column":30}},"8":{"start":{"line":44,"column":16},"end":{"line":47,"column":27}},"9":{"start":{"line":51,"column":8},"end":{"line":53,"column":21}},"10":{"start":{"line":55,"column":8},"end":{"line":57,"column":45}},"11":{"start":{"line":59,"column":8},"end":{"line":59,"column":35}},"12":{"start":{"line":61,"column":4},"end":{"line":325,"column":5}},"13":{"start":{"line":69,"column":8},"end":{"line":121,"column":10},"skip":true},"14":{"start":{"line":70,"column":12},"end":{"line":88,"column":13},"skip":true},"15":{"start":{"line":76,"column":16},"end":{"line":87,"column":19},"skip":true},"16":{"start":{"line":79,"column":20},"end":{"line":86,"column":21},"skip":true},"17":{"start":{"line":82,"column":24},"end":{"line":82,"column":43},"skip":true},"18":{"start":{"line":83,"column":24},"end":{"line":83,"column":30},"skip":true},"19":{"start":{"line":85,"column":24},"end":{"line":85,"column":49},"skip":true},"20":{"start":{"line":89,"column":12},"end":{"line":107,"column":13},"skip":true},"21":{"start":{"line":92,"column":16},"end":{"line":102,"column":17},"skip":true},"22":{"start":{"line":93,"column":20},"end":{"line":93,"column":86},"skip":true},"23":{"start":{"line":94,"column":20},"end":{"line":95,"column":45},"skip":true},"24":{"start":{"line":96,"column":20},"end":{"line":96,"column":42},"skip":true},"25":{"start":{"line":97,"column":20},"end":{"line":97,"column":48},"skip":true},"26":{"start":{"line":100,"column":20},"end":{"line":100,"column":85},"skip":true},"27":{"start":{"line":101,"column":20},"end":{"line":101,"column":96},"skip":true},"28":{"start":{"line":103,"column":16},"end":{"line":103,"column":22},"skip":true},"29":{"start":{"line":106,"column":16},"end":{"line":106,"column":22},"skip":true},"30":{"start":{"line":108,"column":12},"end":{"line":120,"column":13},"skip":true},"31":{"start":{"line":114,"column":16},"end":{"line":119,"column":17},"skip":true},"32":{"start":{"line":116,"column":20},"end":{"line":116,"column":78},"skip":true},"33":{"start":{"line":118,"column":20},"end":{"line":118,"column":47},"skip":true},"34":{"start":{"line":123,"column":8},"end":{"line":141,"column":11},"skip":true},"35":{"start":{"line":124,"column":12},"end":{"line":124,"column":54},"skip":true},"36":{"start":{"line":125,"column":12},"end":{"line":140,"column":14},"skip":true},"37":{"start":{"line":126,"column":16},"end":{"line":126,"column":28},"skip":true},"38":{"start":{"line":127,"column":16},"end":{"line":127,"column":69},"skip":true},"39":{"start":{"line":128,"column":16},"end":{"line":128,"column":75},"skip":true},"40":{"start":{"line":129,"column":16},"end":{"line":131,"column":17},"skip":true},"41":{"start":{"line":130,"column":20},"end":{"line":130,"column":27},"skip":true},"42":{"start":{"line":133,"column":16},"end":{"line":137,"column":36},"skip":true},"43":{"start":{"line":134,"column":20},"end":{"line":136,"column":55},"skip":true},"44":{"start":{"line":139,"column":16},"end":{"line":139,"column":57},"skip":true},"45":{"start":{"line":143,"column":8},"end":{"line":147,"column":11},"skip":true},"46":{"start":{"line":144,"column":12},"end":{"line":146,"column":15},"skip":true},"47":{"start":{"line":145,"column":16},"end":{"line":145,"column":70},"skip":true},"48":{"start":{"line":149,"column":8},"end":{"line":149,"column":31},"skip":true},"49":{"start":{"line":150,"column":8},"end":{"line":150,"column":14},"skip":true},"50":{"start":{"line":158,"column":8},"end":{"line":158,"column":31},"skip":true},"51":{"start":{"line":160,"column":8},"end":{"line":160,"column":33},"skip":true},"52":{"start":{"line":161,"column":8},"end":{"line":161,"column":37},"skip":true},"53":{"start":{"line":162,"column":8},"end":{"line":162,"column":35},"skip":true},"54":{"start":{"line":164,"column":8},"end":{"line":164,"column":50},"skip":true},"55":{"start":{"line":166,"column":8},"end":{"line":256,"column":2},"skip":true},"56":{"start":{"line":258,"column":8},"end":{"line":286,"column":9},"skip":true},"57":{"start":{"line":259,"column":12},"end":{"line":269,"column":14},"skip":true},"58":{"start":{"line":271,"column":12},"end":{"line":285,"column":19},"skip":true},"59":{"start":{"line":274,"column":20},"end":{"line":274,"column":35},"skip":true},"60":{"start":{"line":275,"column":20},"end":{"line":284,"column":21},"skip":true},"61":{"start":{"line":277,"column":24},"end":{"line":277,"column":64},"skip":true},"62":{"start":{"line":279,"column":24},"end":{"line":279,"column":40},"skip":true},"63":{"start":{"line":281,"column":24},"end":{"line":281,"column":40},"skip":true},"64":{"start":{"line":283,"column":24},"end":{"line":283,"column":39},"skip":true},"65":{"start":{"line":288,"column":8},"end":{"line":290,"column":9},"skip":true},"66":{"start":{"line":289,"column":12},"end":{"line":289,"column":18},"skip":true},"67":{"start":{"line":291,"column":8},"end":{"line":293,"column":54},"skip":true},"68":{"start":{"line":296,"column":8},"end":{"line":301,"column":37},"skip":true},"69":{"start":{"line":303,"column":8},"end":{"line":303,"column":82},"skip":true},"70":{"start":{"line":306,"column":8},"end":{"line":308,"column":9},"skip":true},"71":{"start":{"line":307,"column":12},"end":{"line":307,"column":82},"skip":true},"72":{"start":{"line":310,"column":8},"end":{"line":312,"column":9},"skip":true},"73":{"start":{"line":311,"column":12},"end":{"line":311,"column":18},"skip":true},"74":{"start":{"line":313,"column":8},"end":{"line":313,"column":54},"skip":true},"75":{"start":{"line":314,"column":8},"end":{"line":314,"column":69},"skip":true},"76":{"start":{"line":315,"column":8},"end":{"line":323,"column":36},"skip":true},"77":{"start":{"line":316,"column":12},"end":{"line":316,"column":61},"skip":true},"78":{"start":{"line":317,"column":12},"end":{"line":320,"column":13},"skip":true},"79":{"start":{"line":318,"column":16},"end":{"line":318,"column":75},"skip":true},"80":{"start":{"line":319,"column":16},"end":{"line":319,"column":23},"skip":true},"81":{"start":{"line":321,"column":12},"end":{"line":321,"column":38},"skip":true},"82":{"start":{"line":322,"column":12},"end":{"line":322,"column":27},"skip":true},"83":{"start":{"line":324,"column":8},"end":{"line":324,"column":14},"skip":true}},"branchMap":{"1":{"line":39,"type":"binary-expr","locations":[{"start":{"line":39,"column":23},"end":{"line":39,"column":62}},{"start":{"line":40,"column":20},"end":{"line":40,"column":70}},{"start":{"line":41,"column":20},"end":{"line":41,"column":71}},{"start":{"line":42,"column":20},"end":{"line":42,"column":29}}]},"2":{"line":44,"type":"binary-expr","locations":[{"start":{"line":44,"column":23},"end":{"line":44,"column":37}},{"start":{"line":45,"column":20},"end":{"line":45,"column":61}},{"start":{"line":46,"column":20},"end":{"line":46,"column":70}},{"start":{"line":47,"column":20},"end":{"line":47,"column":26}}]},"3":{"line":51,"type":"cond-expr","locations":[{"start":{"line":52,"column":14},"end":{"line":52,"column":20}},{"start":{"line":53,"column":14},"end":{"line":53,"column":20}}]},"4":{"line":55,"type":"binary-expr","locations":[{"start":{"line":55,"column":16},"end":{"line":55,"column":44}},{"start":{"line":55,"column":49},"end":{"line":57,"column":43}}]},"5":{"line":55,"type":"cond-expr","locations":[{"start":{"line":56,"column":14},"end":{"line":56,"column":53}},{"start":{"line":57,"column":14},"end":{"line":57,"column":43}}]},"6":{"line":61,"type":"switch","locations":[{"start":{"line":68,"column":4},"end":{"line":150,"column":14},"skip":true},{"start":{"line":156,"column":4},"end":{"line":324,"column":14},"skip":true}]},"7":{"line":70,"type":"if","locations":[{"start":{"line":70,"column":12},"end":{"line":70,"column":12},"skip":true},{"start":{"line":70,"column":12},"end":{"line":70,"column":12},"skip":true}]},"8":{"line":70,"type":"binary-expr","locations":[{"start":{"line":70,"column":16},"end":{"line":70,"column":22},"skip":true},{"start":{"line":70,"column":27},"end":{"line":70,"column":32},"skip":true},{"start":{"line":71,"column":20},"end":{"line":71,"column":39},"skip":true},{"start":{"line":72,"column":20},"end":{"line":72,"column":49},"skip":true},{"start":{"line":73,"column":20},"end":{"line":73,"column":58},"skip":true},{"start":{"line":74,"column":20},"end":{"line":74,"column":69},"skip":true}]},"9":{"line":79,"type":"switch","locations":[{"start":{"line":80,"column":20},"end":{"line":80,"column":33},"skip":true},{"start":{"line":81,"column":20},"end":{"line":83,"column":30},"skip":true},{"start":{"line":84,"column":20},"end":{"line":85,"column":49},"skip":true}]},"10":{"line":89,"type":"switch","locations":[{"start":{"line":90,"column":12},"end":{"line":103,"column":22},"skip":true},{"start":{"line":105,"column":12},"end":{"line":106,"column":22},"skip":true}]},"11":{"line":89,"type":"binary-expr","locations":[{"start":{"line":89,"column":20},"end":{"line":89,"column":25},"skip":true},{"start":{"line":89,"column":29},"end":{"line":89,"column":48},"skip":true},{"start":{"line":89,"column":52},"end":{"line":89,"column":74},"skip":true}]},"12":{"line":92,"type":"if","locations":[{"start":{"line":92,"column":16},"end":{"line":92,"column":16},"skip":true},{"start":{"line":92,"column":16},"end":{"line":92,"column":16},"skip":true}]},"13":{"line":108,"type":"if","locations":[{"start":{"line":108,"column":12},"end":{"line":108,"column":12},"skip":true},{"start":{"line":108,"column":12},"end":{"line":108,"column":12},"skip":true}]},"14":{"line":108,"type":"binary-expr","locations":[{"start":{"line":108,"column":16},"end":{"line":108,"column":61},"skip":true},{"start":{"line":108,"column":66},"end":{"line":108,"column":72},"skip":true},{"start":{"line":108,"column":77},"end":{"line":108,"column":82},"skip":true},{"start":{"line":109,"column":20},"end":{"line":109,"column":39},"skip":true},{"start":{"line":110,"column":20},"end":{"line":110,"column":49},"skip":true},{"start":{"line":111,"column":20},"end":{"line":111,"column":58},"skip":true},{"start":{"line":112,"column":20},"end":{"line":112,"column":68},"skip":true}]},"15":{"line":129,"type":"if","locations":[{"start":{"line":129,"column":16},"end":{"line":129,"column":16},"skip":true},{"start":{"line":129,"column":16},"end":{"line":129,"column":16},"skip":true}]},"16":{"line":134,"type":"cond-expr","locations":[{"start":{"line":135,"column":26},"end":{"line":135,"column":29},"skip":true},{"start":{"line":136,"column":26},"end":{"line":136,"column":54},"skip":true}]},"17":{"line":164,"type":"binary-expr","locations":[{"start":{"line":164,"column":27},"end":{"line":164,"column":43},"skip":true},{"start":{"line":164,"column":47},"end":{"line":164,"column":49},"skip":true}]},"18":{"line":258,"type":"if","locations":[{"start":{"line":258,"column":8},"end":{"line":258,"column":8},"skip":true},{"start":{"line":258,"column":8},"end":{"line":258,"column":8},"skip":true}]},"19":{"line":275,"type":"switch","locations":[{"start":{"line":276,"column":20},"end":{"line":277,"column":64},"skip":true},{"start":{"line":278,"column":20},"end":{"line":279,"column":40},"skip":true},{"start":{"line":280,"column":20},"end":{"line":281,"column":40},"skip":true},{"start":{"line":282,"column":20},"end":{"line":283,"column":39},"skip":true}]},"20":{"line":288,"type":"if","locations":[{"start":{"line":288,"column":8},"end":{"line":288,"column":8},"skip":true},{"start":{"line":288,"column":8},"end":{"line":288,"column":8},"skip":true}]},"21":{"line":288,"type":"binary-expr","locations":[{"start":{"line":288,"column":12},"end":{"line":288,"column":40},"skip":true},{"start":{"line":288,"column":44},"end":{"line":288,"column":67},"skip":true}]},"22":{"line":292,"type":"binary-expr","locations":[{"start":{"line":292,"column":12},"end":{"line":292,"column":50},"skip":true},{"start":{"line":293,"column":12},"end":{"line":293,"column":53},"skip":true}]},"23":{"line":297,"type":"binary-expr","locations":[{"start":{"line":297,"column":12},"end":{"line":297,"column":67},"skip":true},{"start":{"line":298,"column":12},"end":{"line":301,"column":36},"skip":true}]},"24":{"line":303,"type":"binary-expr","locations":[{"start":{"line":303,"column":43},"end":{"line":303,"column":75},"skip":true},{"start":{"line":303,"column":79},"end":{"line":303,"column":81},"skip":true}]},"25":{"line":306,"type":"if","locations":[{"start":{"line":306,"column":8},"end":{"line":306,"column":8},"skip":true},{"start":{"line":306,"column":8},"end":{"line":306,"column":8},"skip":true}]},"26":{"line":310,"type":"if","locations":[{"start":{"line":310,"column":8},"end":{"line":310,"column":8},"skip":true},{"start":{"line":310,"column":8},"end":{"line":310,"column":8},"skip":true}]},"27":{"line":313,"type":"binary-expr","locations":[{"start":{"line":313,"column":27},"end":{"line":313,"column":43},"skip":true},{"start":{"line":313,"column":47},"end":{"line":313,"column":53},"skip":true}]},"28":{"line":317,"type":"if","locations":[{"start":{"line":317,"column":12},"end":{"line":317,"column":12},"skip":true},{"start":{"line":317,"column":12},"end":{"line":317,"column":12},"skip":true}]}},"code":["/*","example.js","","quickstart example","","instruction","    1. save this script as example.js","    2. run the shell command:","        $ npm install npmtest-nodeadmin && PORT=8081 node example.js","    3. play with the browser-demo on http://127.0.0.1:8081","*/","","","","/* istanbul instrument in package npmtest_nodeadmin */","/*jslint","    bitwise: true,","    browser: true,","    maxerr: 8,","    maxlen: 96,","    node: true,","    nomen: true,","    regexp: true,","    stupid: true","*/","(function () {","    'use strict';","    var local;","","","","    // run shared js-env code - pre-init","    (function () {","        // init local","        local = {};","        // init modeJs","        local.modeJs = (function () {","            try {","                return typeof navigator.userAgent === 'string' &&","                    typeof document.querySelector('body') === 'object' &&","                    typeof XMLHttpRequest.prototype.open === 'function' &&","                    'browser';","            } catch (errorCaughtBrowser) {","                return module.exports &&","                    typeof process.versions.node === 'string' &&","                    typeof require('http').createServer === 'function' &&","                    'node';","            }","        }());","        // init global","        local.global = local.modeJs === 'browser'","            ? window","            : global;","        // init utility2_rollup","        local = local.global.utility2_rollup || (local.modeJs === 'browser'","            ? local.global.utility2_npmtest_nodeadmin","            : global.utility2_moduleExports);","        // export local","        local.global.local = local;","    }());","    switch (local.modeJs) {","","","","    // post-init","    // run browser js-env code - post-init","    /* istanbul ignore next */","    case 'browser':","        local.testRunBrowser = function (event) {","            if (!event || (event &&","                    event.currentTarget &&","                    event.currentTarget.className &&","                    event.currentTarget.className.includes &&","                    event.currentTarget.className.includes('onreset'))) {","                // reset output","                Array.from(","                    document.querySelectorAll('body > .resettable')","                ).forEach(function (element) {","                    switch (element.tagName) {","                    case 'INPUT':","                    case 'TEXTAREA':","                        element.value = '';","                        break;","                    default:","                        element.textContent = '';","                    }","                });","            }","            switch (event && event.currentTarget && event.currentTarget.id) {","            case 'testRunButton1':","                // show tests","                if (document.querySelector('#testReportDiv1').style.display === 'none') {","                    document.querySelector('#testReportDiv1').style.display = 'block';","                    document.querySelector('#testRunButton1').textContent =","                        'hide internal test';","                    local.modeTest = true;","                    local.testRunDefault(local);","                // hide tests","                } else {","                    document.querySelector('#testReportDiv1').style.display = 'none';","                    document.querySelector('#testRunButton1').textContent = 'run internal test';","                }","                break;","            // custom-case","            default:","                break;","            }","            if (document.querySelector('#inputTextareaEval1') && (!event || (event &&","                    event.currentTarget &&","                    event.currentTarget.className &&","                    event.currentTarget.className.includes &&","                    event.currentTarget.className.includes('oneval')))) {","                // try to eval input-code","                try {","                    /*jslint evil: true*/","                    eval(document.querySelector('#inputTextareaEval1').value);","                } catch (errorCaught) {","                    console.error(errorCaught);","                }","            }","        };","        // log stderr and stdout to #outputTextareaStdout1","        ['error', 'log'].forEach(function (key) {","            console[key + '_original'] = console[key];","            console[key] = function () {","                var element;","                console[key + '_original'].apply(console, arguments);","                element = document.querySelector('#outputTextareaStdout1');","                if (!element) {","                    return;","                }","                // append text to #outputTextareaStdout1","                element.value += Array.from(arguments).map(function (arg) {","                    return typeof arg === 'string'","                        ? arg","                        : JSON.stringify(arg, null, 4);","                }).join(' ') + '\\n';","                // scroll textarea to bottom","                element.scrollTop = element.scrollHeight;","            };","        });","        // init event-handling","        ['change', 'click', 'keyup'].forEach(function (event) {","            Array.from(document.querySelectorAll('.on' + event)).forEach(function (element) {","                element.addEventListener(event, local.testRunBrowser);","            });","        });","        // run tests","        local.testRunBrowser();","        break;","","","","    // run node js-env code - post-init","    /* istanbul ignore next */","    case 'node':","        // export local","        module.exports = local;","        // require modules","        local.fs = require('fs');","        local.http = require('http');","        local.url = require('url');","        // init assets","        local.assetsDict = local.assetsDict || {};","        /* jslint-ignore-begin */","        local.assetsDict['/assets.index.template.html'] = '\\","<!doctype html>\\n\\","<html lang=\"en\">\\n\\","<head>\\n\\","<meta charset=\"UTF-8\">\\n\\","<meta name=\"viewport\" content=\"width=device-width, initial-scale=1\">\\n\\","<title>{{env.npm_package_name}} (v{{env.npm_package_version}})</title>\\n\\","<style>\\n\\","/*csslint\\n\\","    box-sizing: false,\\n\\","    universal-selector: false\\n\\","*/\\n\\","* {\\n\\","    box-sizing: border-box;\\n\\","}\\n\\","body {\\n\\","    background: #dde;\\n\\","    font-family: Arial, Helvetica, sans-serif;\\n\\","    margin: 2rem;\\n\\","}\\n\\","body > * {\\n\\","    margin-bottom: 1rem;\\n\\","}\\n\\",".utility2FooterDiv {\\n\\","    margin-top: 20px;\\n\\","    text-align: center;\\n\\","}\\n\\","</style>\\n\\","<style>\\n\\","/*csslint\\n\\","*/\\n\\","textarea {\\n\\","    font-family: monospace;\\n\\","    height: 10rem;\\n\\","    width: 100%;\\n\\","}\\n\\","textarea[readonly] {\\n\\","    background: #ddd;\\n\\","}\\n\\","</style>\\n\\","</head>\\n\\","<body>\\n\\","<!-- utility2-comment\\n\\","<div id=\"ajaxProgressDiv1\" style=\"background: #d00; height: 2px; left: 0; margin: 0; padding: 0; position: fixed; top: 0; transition: background 0.5s, width 1.5s; width: 25%;\"></div>\\n\\","utility2-comment -->\\n\\","<h1>\\n\\","<!-- utility2-comment\\n\\","    <a\\n\\","        {{#if env.npm_package_homepage}}\\n\\","        href=\"{{env.npm_package_homepage}}\"\\n\\","        {{/if env.npm_package_homepage}}\\n\\","        target=\"_blank\"\\n\\","    >\\n\\","utility2-comment -->\\n\\","        {{env.npm_package_name}} (v{{env.npm_package_version}})\\n\\","<!-- utility2-comment\\n\\","    </a>\\n\\","utility2-comment -->\\n\\","</h1>\\n\\","<h3>{{env.npm_package_description}}</h3>\\n\\","<!-- utility2-comment\\n\\","<h4><a download href=\"assets.app.js\">download standalone app</a></h4>\\n\\","<button class=\"onclick onreset\" id=\"testRunButton1\">run internal test</button><br>\\n\\","<div id=\"testReportDiv1\" style=\"display: none;\"></div>\\n\\","utility2-comment -->\\n\\","\\n\\","\\n\\","\\n\\","<label>stderr and stdout</label>\\n\\","<textarea class=\"resettable\" id=\"outputTextareaStdout1\" readonly></textarea>\\n\\","<!-- utility2-comment\\n\\","{{#if isRollup}}\\n\\","<script src=\"assets.app.js\"></script>\\n\\","{{#unless isRollup}}\\n\\","utility2-comment -->\\n\\","<script src=\"assets.utility2.rollup.js\"></script>\\n\\","<script src=\"jsonp.utility2._stateInit?callback=window.utility2._stateInit\"></script>\\n\\","<script src=\"assets.npmtest_nodeadmin.rollup.js\"></script>\\n\\","<script src=\"assets.example.js\"></script>\\n\\","<script src=\"assets.test.js\"></script>\\n\\","<!-- utility2-comment\\n\\","{{/if isRollup}}\\n\\","utility2-comment -->\\n\\","<div class=\"utility2FooterDiv\">\\n\\","    [ this app was created with\\n\\","    <a href=\"https://github.com/kaizhu256/node-utility2\" target=\"_blank\">utility2</a>\\n\\","    ]\\n\\","</div>\\n\\","</body>\\n\\","</html>\\n\\","';","        /* jslint-ignore-end */","        if (local.templateRender) {","            local.assetsDict['/'] = local.templateRender(","                local.assetsDict['/assets.index.template.html'],","                {","                    env: local.objectSetDefault(local.env, {","                        npm_package_description: 'the greatest app in the world!',","                        npm_package_name: 'my-app',","                        npm_package_nameAlias: 'my_app',","                        npm_package_version: '0.0.1'","                    })","                }","            );","        } else {","            local.assetsDict['/'] = local.assetsDict['/assets.index.template.html']","                .replace((/\\{\\{env\\.(\\w+?)\\}\\}/g), function (match0, match1) {","                    // jslint-hack","                    String(match0);","                    switch (match1) {","                    case 'npm_package_description':","                        return 'the greatest app in the world!';","                    case 'npm_package_name':","                        return 'my-app';","                    case 'npm_package_nameAlias':","                        return 'my_app';","                    case 'npm_package_version':","                        return '0.0.1';","                    }","                });","        }","        // run the cli","        if (local.global.utility2_rollup || module !== require.main) {","            break;","        }","        local.assetsDict['/assets.example.js'] =","            local.assetsDict['/assets.example.js'] ||","            local.fs.readFileSync(__filename, 'utf8');","        // bug-workaround - long $npm_package_buildCustomOrg","        /* jslint-ignore-begin */","        local.assetsDict['/assets.npmtest_nodeadmin.rollup.js'] =","            local.assetsDict['/assets.npmtest_nodeadmin.rollup.js'] ||","            local.fs.readFileSync(","                local.npmtest_nodeadmin.__dirname + '/lib.npmtest_nodeadmin.js',","                'utf8'","            ).replace((/^#!/), '//');","        /* jslint-ignore-end */","        local.assetsDict['/favicon.ico'] = local.assetsDict['/favicon.ico'] || '';","        // if $npm_config_timeout_exit exists,","        // then exit this process after $npm_config_timeout_exit ms","        if (Number(process.env.npm_config_timeout_exit)) {","            setTimeout(process.exit, Number(process.env.npm_config_timeout_exit));","        }","        // start server","        if (local.global.utility2_serverHttp1) {","            break;","        }","        process.env.PORT = process.env.PORT || '8081';","        console.error('server starting on port ' + process.env.PORT);","        local.http.createServer(function (request, response) {","            request.urlParsed = local.url.parse(request.url);","            if (local.assetsDict[request.urlParsed.pathname] !== undefined) {","                response.end(local.assetsDict[request.urlParsed.pathname]);","                return;","            }","            response.statusCode = 404;","            response.end();","        }).listen(process.env.PORT);","        break;","    }","}());",""],"l":{"26":2,"28":2,"33":2,"35":2,"37":2,"38":2,"39":2,"44":1,"51":2,"55":2,"59":2,"61":2,"69":1,"70":2,"76":2,"79":2,"82":2,"83":2,"85":1,"89":2,"92":1,"93":1,"94":1,"96":1,"97":1,"100":1,"101":1,"103":1,"106":1,"108":2,"114":1,"116":1,"118":1,"123":1,"124":2,"125":2,"126":3,"127":3,"128":3,"129":3,"130":1,"133":3,"134":3,"139":3,"143":1,"144":3,"145":1,"149":1,"150":1,"158":1,"160":1,"161":1,"162":1,"164":1,"166":1,"258":1,"259":1,"271":1,"274":6,"275":6,"277":1,"279":2,"281":1,"283":2,"288":1,"289":1,"291":1,"296":1,"303":1,"306":1,"307":1,"310":1,"311":1,"313":1,"314":1,"315":1,"316":1,"317":1,"318":1,"319":1,"321":1,"322":1,"324":1}},"/home/travis/build/npmtest/node-npmtest-nodeadmin/node_modules/nodeadmin/middleware/index.js":{"path":"/home/travis/build/npmtest/node-npmtest-nodeadmin/node_modules/nodeadmin/middleware/index.js","s":{"1":1,"2":1,"3":1,"4":1,"5":1,"6":1,"7":1,"8":1,"9":1,"10":1,"11":1,"12":1,"13":1,"14":1,"15":1,"16":1,"17":1,"18":1,"19":1,"20":1,"21":1,"22":1,"23":1,"24":1,"25":1,"26":1,"27":1,"28":1,"29":1,"30":1,"31":1,"32":1,"33":1,"34":1,"35":1,"36":1,"37":0},"b":{"1":[1,0]},"f":{"1":1,"2":1,"3":0},"fnMap":{"1":{"name":"nodeadmin","line":18,"loc":{"start":{"line":18,"column":17},"end":{"line":18,"column":47}}},"2":{"name":"(anonymous_2)","line":44,"loc":{"start":{"line":44,"column":29},"end":{"line":44,"column":49}}},"3":{"name":"nodeadmin","line":62,"loc":{"start":{"line":62,"column":9},"end":{"line":62,"column":42}}}},"statementMap":{"1":{"start":{"line":1,"column":0},"end":{"line":1,"column":33}},"2":{"start":{"line":2,"column":0},"end":{"line":2,"column":40}},"3":{"start":{"line":3,"column":0},"end":{"line":3,"column":27}},"4":{"start":{"line":4,"column":0},"end":{"line":4,"column":32}},"5":{"start":{"line":5,"column":0},"end":{"line":5,"column":31}},"6":{"start":{"line":6,"column":0},"end":{"line":6,"column":23}},"7":{"start":{"line":7,"column":0},"end":{"line":7,"column":42}},"8":{"start":{"line":12,"column":0},"end":{"line":12,"column":43}},"9":{"start":{"line":13,"column":0},"end":{"line":13,"column":55}},"10":{"start":{"line":14,"column":0},"end":{"line":14,"column":55}},"11":{"start":{"line":15,"column":0},"end":{"line":15,"column":49}},"12":{"start":{"line":16,"column":0},"end":{"line":16,"column":43}},"13":{"start":{"line":18,"column":0},"end":{"line":67,"column":2}},"14":{"start":{"line":22,"column":2},"end":{"line":22,"column":38}},"15":{"start":{"line":23,"column":2},"end":{"line":23,"column":24}},"16":{"start":{"line":25,"column":2},"end":{"line":25,"column":33}},"17":{"start":{"line":26,"column":2},"end":{"line":26,"column":42}},"18":{"start":{"line":30,"column":2},"end":{"line":30,"column":47}},"19":{"start":{"line":33,"column":2},"end":{"line":33,"column":97}},"20":{"start":{"line":37,"column":2},"end":{"line":39,"column":6}},"21":{"start":{"line":40,"column":2},"end":{"line":40,"column":29}},"22":{"start":{"line":41,"column":2},"end":{"line":41,"column":51}},"23":{"start":{"line":42,"column":2},"end":{"line":42,"column":63}},"24":{"start":{"line":44,"column":2},"end":{"line":52,"column":5}},"25":{"start":{"line":45,"column":4},"end":{"line":49,"column":5}},"26":{"start":{"line":46,"column":6},"end":{"line":46,"column":49}},"27":{"start":{"line":47,"column":6},"end":{"line":47,"column":64}},"28":{"start":{"line":48,"column":6},"end":{"line":48,"column":59}},"29":{"start":{"line":50,"column":4},"end":{"line":50,"column":40}},"30":{"start":{"line":51,"column":4},"end":{"line":51,"column":31}},"31":{"start":{"line":55,"column":2},"end":{"line":55,"column":39}},"32":{"start":{"line":56,"column":2},"end":{"line":56,"column":41}},"33":{"start":{"line":57,"column":2},"end":{"line":57,"column":46}},"34":{"start":{"line":58,"column":2},"end":{"line":58,"column":42}},"35":{"start":{"line":59,"column":2},"end":{"line":59,"column":38}},"36":{"start":{"line":62,"column":2},"end":{"line":64,"column":4}},"37":{"start":{"line":63,"column":4},"end":{"line":63,"column":11}}},"branchMap":{"1":{"line":45,"type":"if","locations":[{"start":{"line":45,"column":4},"end":{"line":45,"column":4}},{"start":{"line":45,"column":4},"end":{"line":45,"column":4}}]}},"code":["var express = require('express');","var bodyParser = require('body-parser');","var http = require('http');","var sock = require('socket.io');","var morgan = require('morgan');","var fs = require('fs');","var randomstring = require('randomstring')","","","","// *** NodeAdmin Routers ***","var auth = require('./auth/authroutes.js');","var database = require('./database/databaseroutes.js');","var settings = require('./settings/settingsroutes.js');","var system = require('./system/systemroutes.js');","var home = require('./home/homeroutes.js');","","module.exports = function nodeadmin(app, port) {","  'use strict';","","  // ** Socket Connection","  var server = http.createServer(app);","  var io = sock(server);","","  var expressListen = app.listen;","  app.listen = server.listen.bind(server);","","","  // ** Socket Controller","  require('./sockets/socketcontroller.js')(io);","","  // ** Logs","  var accessLogStream = fs.createWriteStream(__dirname + '/serverlogs/access.log', {flags: 'a'});","  ","    ","  // ** Third party middleware","  app.use(morgan('dev', {","    stream:accessLogStream","  }));","  app.use(bodyParser.json());","  app.use(bodyParser.urlencoded({extended: true}));","  app.use('/nodeadmin', express.static(__dirname + '/public'));","  // creates secret.js with a random string if it hasn't been initialized\\\\","  fs.readFile('./secret.js', function(err, data) {","    if (err.code === 'ENOENT') {","      var randomString = randomstring.generate();","      var contents = \"module.exports = '\" + randomString + \"';\";","      fs.writeFileSync(__dirname + '/secret.js', contents);","    }","    var secret = require('./secret.js');","    app.locals.secret = secret;","  });","  ","  // ** Routes","  app.use('/nodeadmin/api/auth', auth);","  app.use('/nodeadmin/api/db', database);","  app.use('/nodeadmin/api/settings',settings);","  app.use('/nodeadmin/api/system',system);","  app.use('/nodeadmin/api/home',home);","","  // ** Middleware","  return function nodeadmin(req,res,next) {","    next();","  };","","","};",""],"l":{"1":1,"2":1,"3":1,"4":1,"5":1,"6":1,"7":1,"12":1,"13":1,"14":1,"15":1,"16":1,"18":1,"22":1,"23":1,"25":1,"26":1,"30":1,"33":1,"37":1,"40":1,"41":1,"42":1,"44":1,"45":1,"46":1,"47":1,"48":1,"50":1,"51":1,"55":1,"56":1,"57":1,"58":1,"59":1,"62":1,"63":0}},"/home/travis/build/npmtest/node-npmtest-nodeadmin/node_modules/nodeadmin/middleware/auth/authroutes.js":{"path":"/home/travis/build/npmtest/node-npmtest-nodeadmin/node_modules/nodeadmin/middleware/auth/authroutes.js","s":{"1":1,"2":1,"3":1,"4":1,"5":1},"b":{},"f":{},"fnMap":{},"statementMap":{"1":{"start":{"line":1,"column":0},"end":{"line":1,"column":41}},"2":{"start":{"line":2,"column":0},"end":{"line":2,"column":52}},"3":{"start":{"line":5,"column":0},"end":{"line":6,"column":30}},"4":{"start":{"line":9,"column":0},"end":{"line":10,"column":30}},"5":{"start":{"line":13,"column":0},"end":{"line":13,"column":24}}},"branchMap":{},"code":["var router = require('express').Router();","var authcontroller = require('./authcontroller.js');","","","router.route('/login')","  .post(authcontroller.login);","","","router.route('/logout')","  .get(authcontroller.logout);","","","module.exports = router;",""],"l":{"1":1,"2":1,"5":1,"9":1,"13":1}},"/home/travis/build/npmtest/node-npmtest-nodeadmin/node_modules/nodeadmin/middleware/auth/authcontroller.js":{"path":"/home/travis/build/npmtest/node-npmtest-nodeadmin/node_modules/nodeadmin/middleware/auth/authcontroller.js","s":{"1":1,"2":1,"3":1,"4":1,"5":0,"6":0,"7":0,"8":0,"9":0,"10":0,"11":0,"12":0,"13":0,"14":0,"15":0,"16":0,"17":0,"18":0},"b":{"1":[0,0],"2":[0,0],"3":[0,0]},"f":{"1":0,"2":0,"3":0,"4":0,"5":0,"6":0},"fnMap":{"1":{"name":"(anonymous_1)","line":7,"loc":{"start":{"line":7,"column":9},"end":{"line":7,"column":29}}},"2":{"name":"(anonymous_2)","line":13,"loc":{"start":{"line":13,"column":12},"end":{"line":13,"column":27}}},"3":{"name":"(anonymous_3)","line":18,"loc":{"start":{"line":18,"column":10},"end":{"line":18,"column":39}}},"4":{"name":"(anonymous_4)","line":23,"loc":{"start":{"line":23,"column":13},"end":{"line":23,"column":26}}},"5":{"name":"(anonymous_5)","line":35,"loc":{"start":{"line":35,"column":10},"end":{"line":35,"column":29}}},"6":{"name":"(anonymous_6)","line":37,"loc":{"start":{"line":37,"column":29},"end":{"line":37,"column":43}}}},"statementMap":{"1":{"start":{"line":1,"column":0},"end":{"line":1,"column":38}},"2":{"start":{"line":2,"column":0},"end":{"line":2,"column":37}},"3":{"start":{"line":3,"column":0},"end":{"line":3,"column":34}},"4":{"start":{"line":5,"column":0},"end":{"line":47,"column":1}},"5":{"start":{"line":8,"column":4},"end":{"line":31,"column":7}},"6":{"start":{"line":14,"column":8},"end":{"line":14,"column":71}},"7":{"start":{"line":16,"column":8},"end":{"line":20,"column":10}},"8":{"start":{"line":21,"column":8},"end":{"line":21,"column":34}},"9":{"start":{"line":22,"column":8},"end":{"line":22,"column":45}},"10":{"start":{"line":24,"column":6},"end":{"line":30,"column":7}},"11":{"start":{"line":25,"column":8},"end":{"line":25,"column":127}},"12":{"start":{"line":26,"column":13},"end":{"line":30,"column":7}},"13":{"start":{"line":27,"column":8},"end":{"line":27,"column":154}},"14":{"start":{"line":29,"column":8},"end":{"line":29,"column":58}},"15":{"start":{"line":37,"column":4},"end":{"line":43,"column":7}},"16":{"start":{"line":38,"column":6},"end":{"line":42,"column":7}},"17":{"start":{"line":39,"column":8},"end":{"line":39,"column":30}},"18":{"start":{"line":41,"column":8},"end":{"line":41,"column":32}}},"branchMap":{"1":{"line":24,"type":"if","locations":[{"start":{"line":24,"column":6},"end":{"line":24,"column":6}},{"start":{"line":24,"column":6},"end":{"line":24,"column":6}}]},"2":{"line":26,"type":"if","locations":[{"start":{"line":26,"column":13},"end":{"line":26,"column":13}},{"start":{"line":26,"column":13},"end":{"line":26,"column":13}}]},"3":{"line":38,"type":"if","locations":[{"start":{"line":38,"column":6},"end":{"line":38,"column":6}},{"start":{"line":38,"column":6},"end":{"line":38,"column":6}}]}},"code":["var client = require('./clientdb.js');","var mysql = require('promise-mysql');","var jwt = require('jsonwebtoken');","","module.exports = {","","  login: function (req, res) {","    mysql.createConnection({","      user: req.body.mysqlUser,","      password: req.body.mysqlPassword,","      host: req.body.mysqlHost,","      multipleStatements: true","    }).then(function(conn) {","        var token = jwt.sign({msg: 'welcome!'}, req.app.locals.secret);","        //Enables performance_schema if it was disabled\\\\","        conn.query(","          \"update performance_schema.setup_consumers set enabled='YES' where name='events_waits_current';\", ","          function (err, rows, fields) {","          }","        );","        client.bindClientDB(conn);","        res.status(200).json({token: token});","    }).catch(function (e) {","      if(e.errno === 1045) {","        res.status(500).json({error: 'We couldn\\'t connect to the host with the credentials you provided. Please try again.'});","      } else if (e.errno === 'ENOTFOUND') {","        res.status(500).json({error: 'We couldn\\'t find the host that you provided. Double check to make sure you typed it in correctly and try again.'});","      } else {","        res.status(500).json({error: 'something broke.'});","      }","    });","      ","  },","","  logout: function(req, res) {","    // close database connection","    client.getClientDB().end(function (err){","      if(!err) {","        res.status(200).end();","      } else {","        res.end(err.toString());","      }","    });","","  }","","}",""],"l":{"1":1,"2":1,"3":1,"5":1,"8":0,"14":0,"16":0,"21":0,"22":0,"24":0,"25":0,"26":0,"27":0,"29":0,"37":0,"38":0,"39":0,"41":0}},"/home/travis/build/npmtest/node-npmtest-nodeadmin/node_modules/nodeadmin/middleware/auth/clientdb.js":{"path":"/home/travis/build/npmtest/node-npmtest-nodeadmin/node_modules/nodeadmin/middleware/auth/clientdb.js","s":{"1":1,"2":1,"3":1,"4":0,"5":0,"6":0,"7":0,"8":0,"9":0},"b":{"1":[0,0],"2":[0,0]},"f":{"1":0,"2":0,"3":0},"fnMap":{"1":{"name":"(anonymous_1)","line":5,"loc":{"start":{"line":5,"column":15},"end":{"line":5,"column":28}}},"2":{"name":"(anonymous_2)","line":11,"loc":{"start":{"line":11,"column":14},"end":{"line":11,"column":25}}},"3":{"name":"(anonymous_3)","line":13,"loc":{"start":{"line":13,"column":21},"end":{"line":13,"column":31}}}},"statementMap":{"1":{"start":{"line":1,"column":0},"end":{"line":1,"column":34}},"2":{"start":{"line":2,"column":0},"end":{"line":2,"column":27}},"3":{"start":{"line":4,"column":0},"end":{"line":19,"column":2}},"4":{"start":{"line":6,"column":4},"end":{"line":8,"column":5}},"5":{"start":{"line":7,"column":6},"end":{"line":7,"column":22}},"6":{"start":{"line":12,"column":4},"end":{"line":16,"column":5}},"7":{"start":{"line":13,"column":6},"end":{"line":13,"column":121}},"8":{"start":{"line":13,"column":33},"end":{"line":13,"column":117}},"9":{"start":{"line":15,"column":6},"end":{"line":15,"column":24}}},"branchMap":{"1":{"line":6,"type":"if","locations":[{"start":{"line":6,"column":4},"end":{"line":6,"column":4}},{"start":{"line":6,"column":4},"end":{"line":6,"column":4}}]},"2":{"line":12,"type":"if","locations":[{"start":{"line":12,"column":4},"end":{"line":12,"column":4}},{"start":{"line":12,"column":4},"end":{"line":12,"column":4}}]}},"code":["var jwt = require('jsonwebtoken');","var connection = undefined;","","module.exports = {","  bindClientDB:function(db) {","    if(db) {","      connection = db;","    }","","  },","  getClientDB:function() {","    if(!connection) {","      return {query: function(){ console.error('Error: Attempted to query, but there is no connection to database.') } };","    } else {","      return connection;","    }","","  }","};",""],"l":{"1":1,"2":1,"4":1,"6":0,"7":0,"12":0,"13":0,"15":0}},"/home/travis/build/npmtest/node-npmtest-nodeadmin/node_modules/nodeadmin/middleware/database/databaseroutes.js":{"path":"/home/travis/build/npmtest/node-npmtest-nodeadmin/node_modules/nodeadmin/middleware/database/databaseroutes.js","s":{"1":1,"2":1,"3":1,"4":1,"5":1,"6":1,"7":1,"8":1,"9":1,"10":1,"11":1,"12":1,"13":1,"14":1,"15":1,"16":1},"b":{},"f":{},"fnMap":{},"statementMap":{"1":{"start":{"line":2,"column":0},"end":{"line":2,"column":41}},"2":{"start":{"line":3,"column":0},"end":{"line":3,"column":50}},"3":{"start":{"line":4,"column":0},"end":{"line":4,"column":54}},"4":{"start":{"line":7,"column":0},"end":{"line":7,"column":23}},"5":{"start":{"line":10,"column":0},"end":{"line":11,"column":38}},"6":{"start":{"line":14,"column":0},"end":{"line":16,"column":34}},"7":{"start":{"line":19,"column":0},"end":{"line":20,"column":31}},"8":{"start":{"line":23,"column":0},"end":{"line":26,"column":32}},"9":{"start":{"line":29,"column":0},"end":{"line":30,"column":41}},"10":{"start":{"line":33,"column":0},"end":{"line":34,"column":34}},"11":{"start":{"line":37,"column":0},"end":{"line":38,"column":36}},"12":{"start":{"line":41,"column":0},"end":{"line":42,"column":34}},"13":{"start":{"line":44,"column":0},"end":{"line":45,"column":29}},"14":{"start":{"line":48,"column":0},"end":{"line":49,"column":37}},"15":{"start":{"line":52,"column":0},"end":{"line":53,"column":36}},"16":{"start":{"line":56,"column":0},"end":{"line":56,"column":24}}},"branchMap":{},"code":["/* jshint strict: false, unused: false */","var router = require('express').Router();","var tokenCheck = require('../auth/tokencheck.js');","var DbController = require('./databasecontroller.js');","","// require token for all database operations","router.use(tokenCheck);","","// foreign keys","router.route('/:database/fk/:refTable/:refColumn')","  .get(DbController.getForeignValues);  ","","// create and drop table","router.route('/:database/:table')","  .delete(DbController.dropTable)","  .post(DbController.createTable);","","// database table","router.route('/:database/tables')","  .get(DbController.getTables);","","// subset of table","router.route('/:database/:table/:page')","  .get(DbController.getRecords)","  .put(DbController.updateRecord)","  .post(DbController.addRecord);  ","","// database performance","router.route('/performance')","  .get(DbController.getPerformanceStats);","","// database info","router.route('/info')","  .get(DbController.getInfoStats);","","// run query","router.route('/query')","  .post(DbController.queryClientDB);","","// *** return mysql databases","router.route('/db')","  .get(DbController.getDatabases);","","router.route('/connect')","  .get(DbController.connect);","","// create datase","router.route('/create')","  .post(DbController.createDatabase);","","// drop database","router.route('/delete')","  .post(DbController.deleteDatabase)","","","module.exports = router;",""],"l":{"2":1,"3":1,"4":1,"7":1,"10":1,"14":1,"19":1,"23":1,"29":1,"33":1,"37":1,"41":1,"44":1,"48":1,"52":1,"56":1}},"/home/travis/build/npmtest/node-npmtest-nodeadmin/node_modules/nodeadmin/middleware/auth/tokencheck.js":{"path":"/home/travis/build/npmtest/node-npmtest-nodeadmin/node_modules/nodeadmin/middleware/auth/tokencheck.js","s":{"1":1,"2":1,"3":0,"4":0,"5":0,"6":0,"7":0,"8":0,"9":1},"b":{"1":[0,0,0],"2":[0,0],"3":[0,0]},"f":{"1":0,"2":0},"fnMap":{"1":{"name":"(anonymous_1)","line":3,"loc":{"start":{"line":3,"column":17},"end":{"line":3,"column":43}}},"2":{"name":"(anonymous_2)","line":7,"loc":{"start":{"line":7,"column":45},"end":{"line":7,"column":69}}}},"statementMap":{"1":{"start":{"line":1,"column":0},"end":{"line":1,"column":34}},"2":{"start":{"line":3,"column":0},"end":{"line":16,"column":2}},"3":{"start":{"line":5,"column":2},"end":{"line":5,"column":77}},"4":{"start":{"line":6,"column":2},"end":{"line":15,"column":3}},"5":{"start":{"line":7,"column":4},"end":{"line":14,"column":7}},"6":{"start":{"line":8,"column":6},"end":{"line":12,"column":7}},"7":{"start":{"line":9,"column":8},"end":{"line":11,"column":11}},"8":{"start":{"line":13,"column":6},"end":{"line":13,"column":13}},"9":{"start":{"line":18,"column":0},"end":{"line":18,"column":28}}},"branchMap":{"1":{"line":5,"type":"binary-expr","locations":[{"start":{"line":5,"column":14},"end":{"line":5,"column":28}},{"start":{"line":5,"column":32},"end":{"line":5,"column":47}},{"start":{"line":5,"column":51},"end":{"line":5,"column":76}}]},"2":{"line":6,"type":"if","locations":[{"start":{"line":6,"column":2},"end":{"line":6,"column":2}},{"start":{"line":6,"column":2},"end":{"line":6,"column":2}}]},"3":{"line":8,"type":"if","locations":[{"start":{"line":8,"column":6},"end":{"line":8,"column":6}},{"start":{"line":8,"column":6},"end":{"line":8,"column":6}}]}},"code":["var jwt = require('jsonwebtoken');","","var tokenCheck = function (req, res, next) {","  'use strict';","  var token = req.body.token || req.query.token || req.headers.authorization;","  if (token) {","    jwt.verify(token, req.app.locals.secret, function (err, decoded) {","      if (err) {","        res.status(403).json({","          error: err","        });","      }","      next();","    });","  }","};","","module.exports = tokenCheck;","",""],"l":{"1":1,"3":1,"5":0,"6":0,"7":0,"8":0,"9":0,"13":0,"18":1}},"/home/travis/build/npmtest/node-npmtest-nodeadmin/node_modules/nodeadmin/middleware/database/databasecontroller.js":{"path":"/home/travis/build/npmtest/node-npmtest-nodeadmin/node_modules/nodeadmin/middleware/database/databasecontroller.js","s":{"1":1,"2":1,"3":1,"4":0,"5":0,"6":0,"7":0,"8":0,"9":0,"10":0,"11":0,"12":0,"13":0,"14":0,"15":0,"16":0,"17":0,"18":0,"19":0,"20":0,"21":0,"22":0,"23":0,"24":0,"25":0,"26":0,"27":0,"28":0,"29":0,"30":0,"31":0,"32":0,"33":0,"34":0,"35":0,"36":0,"37":0,"38":0,"39":0,"40":0,"41":0,"42":0,"43":0,"44":0,"45":0,"46":0,"47":0,"48":0,"49":0,"50":0,"51":0,"52":0,"53":0,"54":0,"55":0,"56":0,"57":0,"58":0,"59":0,"60":0,"61":0,"62":0,"63":0,"64":0,"65":0,"66":0,"67":0,"68":0,"69":0,"70":0,"71":0,"72":0,"73":0,"74":0,"75":0,"76":0,"77":0,"78":0,"79":0,"80":0,"81":0,"82":0,"83":0,"84":0,"85":0,"86":0,"87":0,"88":0,"89":0,"90":0,"91":0,"92":0,"93":0,"94":0,"95":0,"96":0,"97":0,"98":0,"99":0,"100":0,"101":0,"102":0,"103":0,"104":0,"105":0,"106":0,"107":0,"108":0,"109":0,"110":0,"111":0,"112":0,"113":0,"114":0,"115":0,"116":0,"117":0,"118":0,"119":0,"120":0,"121":0,"122":0,"123":0,"124":0,"125":0,"126":0,"127":0,"128":0,"129":0,"130":0,"131":0,"132":0,"133":0,"134":0,"135":0,"136":0,"137":0,"138":0,"139":0,"140":0,"141":0,"142":0,"143":0,"144":0,"145":0,"146":0,"147":0,"148":0,"149":0,"150":0,"151":0,"152":0,"153":0,"154":0,"155":0,"156":0,"157":0,"158":0,"159":0,"160":0,"161":0,"162":0,"163":0,"164":0,"165":0,"166":0,"167":0,"168":0,"169":0},"b":{"1":[0,0],"2":[0,0],"3":[0,0,0],"4":[0,0],"5":[0,0],"6":[0,0,0],"7":[0,0],"8":[0,0],"9":[0,0],"10":[0,0],"11":[0,0],"12":[0,0],"13":[0,0],"14":[0,0],"15":[0,0],"16":[0,0],"17":[0,0],"18":[0,0],"19":[0,0],"20":[0,0],"21":[0,0],"22":[0,0],"23":[0,0],"24":[0,0],"25":[0,0],"26":[0,0],"27":[0,0],"28":[0,0],"29":[0,0],"30":[0,0],"31":[0,0],"32":[0,0],"33":[0,0],"34":[0,0],"35":[0,0],"36":[0,0],"37":[0,0],"38":[0,0],"39":[0,0],"40":[0,0],"41":[0,0],"42":[0,0],"43":[0,0],"44":[0,0]},"f":{"1":0,"2":0,"3":0,"4":0,"5":0,"6":0,"7":0,"8":0,"9":0,"10":0,"11":0,"12":0,"13":0,"14":0,"15":0,"16":0,"17":0,"18":0,"19":0,"20":0,"21":0,"22":0,"23":0,"24":0,"25":0,"26":0,"27":0,"28":0,"29":0,"30":0,"31":0,"32":0,"33":0,"34":0,"35":0,"36":0,"37":0},"fnMap":{"1":{"name":"(anonymous_1)","line":9,"loc":{"start":{"line":9,"column":16},"end":{"line":9,"column":36}}},"2":{"name":"(anonymous_2)","line":13,"loc":{"start":{"line":13,"column":11},"end":{"line":13,"column":31}}},"3":{"name":"(anonymous_3)","line":15,"loc":{"start":{"line":15,"column":31},"end":{"line":15,"column":51}}},"4":{"name":"(anonymous_4)","line":20,"loc":{"start":{"line":20,"column":18},"end":{"line":20,"column":38}}},"5":{"name":"(anonymous_5)","line":24,"loc":{"start":{"line":24,"column":62},"end":{"line":24,"column":85}}},"6":{"name":"(anonymous_6)","line":35,"loc":{"start":{"line":35,"column":18},"end":{"line":35,"column":38}}},"7":{"name":"(anonymous_7)","line":40,"loc":{"start":{"line":40,"column":60},"end":{"line":40,"column":83}}},"8":{"name":"(anonymous_8)","line":51,"loc":{"start":{"line":51,"column":13},"end":{"line":51,"column":33}}},"9":{"name":"(anonymous_9)","line":55,"loc":{"start":{"line":55,"column":37},"end":{"line":55,"column":60}}},"10":{"name":"(anonymous_10)","line":60,"loc":{"start":{"line":60,"column":38},"end":{"line":60,"column":61}}},"11":{"name":"(anonymous_11)","line":71,"loc":{"start":{"line":71,"column":13},"end":{"line":71,"column":33}}},"12":{"name":"(anonymous_12)","line":76,"loc":{"start":{"line":76,"column":37},"end":{"line":76,"column":60}}},"13":{"name":"(anonymous_13)","line":81,"loc":{"start":{"line":81,"column":49},"end":{"line":81,"column":72}}},"14":{"name":"(anonymous_14)","line":93,"loc":{"start":{"line":93,"column":15},"end":{"line":93,"column":34}}},"15":{"name":"(anonymous_15)","line":148,"loc":{"start":{"line":148,"column":59},"end":{"line":148,"column":88}}},"16":{"name":"(anonymous_16)","line":202,"loc":{"start":{"line":202,"column":42},"end":{"line":202,"column":73}}},"17":{"name":"(anonymous_17)","line":211,"loc":{"start":{"line":211,"column":14},"end":{"line":211,"column":33}}},"18":{"name":"(anonymous_18)","line":224,"loc":{"start":{"line":224,"column":7},"end":{"line":224,"column":30}}},"19":{"name":"(anonymous_19)","line":228,"loc":{"start":{"line":228,"column":38},"end":{"line":228,"column":61}}},"20":{"name":"(anonymous_20)","line":233,"loc":{"start":{"line":233,"column":23},"end":{"line":233,"column":39}}},"21":{"name":"(anonymous_21)","line":261,"loc":{"start":{"line":261,"column":13},"end":{"line":261,"column":44}}},"22":{"name":"(anonymous_22)","line":272,"loc":{"start":{"line":272,"column":11},"end":{"line":272,"column":42}}},"23":{"name":"(anonymous_23)","line":284,"loc":{"start":{"line":284,"column":16},"end":{"line":284,"column":36}}},"24":{"name":"(anonymous_24)","line":303,"loc":{"start":{"line":303,"column":7},"end":{"line":303,"column":30}}},"25":{"name":"(anonymous_25)","line":311,"loc":{"start":{"line":311,"column":9},"end":{"line":311,"column":32}}},"26":{"name":"(anonymous_26)","line":321,"loc":{"start":{"line":321,"column":13},"end":{"line":321,"column":33}}},"27":{"name":"(anonymous_27)","line":336,"loc":{"start":{"line":336,"column":7},"end":{"line":336,"column":30}}},"28":{"name":"(anonymous_28)","line":344,"loc":{"start":{"line":344,"column":9},"end":{"line":344,"column":32}}},"29":{"name":"(anonymous_29)","line":353,"loc":{"start":{"line":353,"column":20},"end":{"line":353,"column":40}}},"30":{"name":"(anonymous_30)","line":362,"loc":{"start":{"line":362,"column":7},"end":{"line":362,"column":30}}},"31":{"name":"(anonymous_31)","line":370,"loc":{"start":{"line":370,"column":9},"end":{"line":370,"column":33}}},"32":{"name":"(anonymous_32)","line":379,"loc":{"start":{"line":379,"column":23},"end":{"line":379,"column":43}}},"33":{"name":"(anonymous_33)","line":384,"loc":{"start":{"line":384,"column":57},"end":{"line":384,"column":80}}},"34":{"name":"(anonymous_34)","line":392,"loc":{"start":{"line":392,"column":16},"end":{"line":392,"column":36}}},"35":{"name":"(anonymous_35)","line":397,"loc":{"start":{"line":397,"column":57},"end":{"line":397,"column":80}}},"36":{"name":"(anonymous_36)","line":405,"loc":{"start":{"line":405,"column":17},"end":{"line":405,"column":37}}},"37":{"name":"(anonymous_37)","line":408,"loc":{"start":{"line":408,"column":42},"end":{"line":408,"column":65}}}},"statementMap":{"1":{"start":{"line":3,"column":0},"end":{"line":3,"column":29}},"2":{"start":{"line":4,"column":0},"end":{"line":4,"column":44}},"3":{"start":{"line":7,"column":0},"end":{"line":417,"column":2}},"4":{"start":{"line":10,"column":4},"end":{"line":10,"column":54}},"5":{"start":{"line":14,"column":4},"end":{"line":14,"column":34}},"6":{"start":{"line":15,"column":4},"end":{"line":17,"column":7}},"7":{"start":{"line":16,"column":6},"end":{"line":16,"column":42}},"8":{"start":{"line":21,"column":4},"end":{"line":21,"column":42}},"9":{"start":{"line":22,"column":4},"end":{"line":22,"column":37}},"10":{"start":{"line":23,"column":4},"end":{"line":32,"column":5}},"11":{"start":{"line":24,"column":6},"end":{"line":31,"column":9}},"12":{"start":{"line":26,"column":8},"end":{"line":30,"column":9}},"13":{"start":{"line":27,"column":10},"end":{"line":27,"column":39}},"14":{"start":{"line":29,"column":10},"end":{"line":29,"column":36}},"15":{"start":{"line":36,"column":4},"end":{"line":36,"column":42}},"16":{"start":{"line":37,"column":4},"end":{"line":37,"column":37}},"17":{"start":{"line":39,"column":4},"end":{"line":48,"column":5}},"18":{"start":{"line":40,"column":6},"end":{"line":47,"column":9}},"19":{"start":{"line":42,"column":8},"end":{"line":46,"column":9}},"20":{"start":{"line":43,"column":10},"end":{"line":43,"column":48}},"21":{"start":{"line":45,"column":10},"end":{"line":45,"column":45}},"22":{"start":{"line":52,"column":4},"end":{"line":52,"column":33}},"23":{"start":{"line":53,"column":4},"end":{"line":53,"column":42}},"24":{"start":{"line":55,"column":4},"end":{"line":68,"column":7}},"25":{"start":{"line":56,"column":6},"end":{"line":59,"column":7}},"26":{"start":{"line":57,"column":8},"end":{"line":57,"column":25}},"27":{"start":{"line":58,"column":8},"end":{"line":58,"column":45}},"28":{"start":{"line":60,"column":6},"end":{"line":67,"column":9}},"29":{"start":{"line":61,"column":8},"end":{"line":66,"column":9}},"30":{"start":{"line":62,"column":10},"end":{"line":62,"column":27}},"31":{"start":{"line":63,"column":10},"end":{"line":63,"column":47}},"32":{"start":{"line":65,"column":10},"end":{"line":65,"column":39}},"33":{"start":{"line":72,"column":4},"end":{"line":72,"column":33}},"34":{"start":{"line":73,"column":4},"end":{"line":73,"column":33}},"35":{"start":{"line":74,"column":4},"end":{"line":74,"column":42}},"36":{"start":{"line":76,"column":4},"end":{"line":90,"column":7}},"37":{"start":{"line":77,"column":6},"end":{"line":80,"column":7}},"38":{"start":{"line":78,"column":8},"end":{"line":78,"column":25}},"39":{"start":{"line":79,"column":8},"end":{"line":79,"column":45}},"40":{"start":{"line":81,"column":6},"end":{"line":89,"column":9}},"41":{"start":{"line":82,"column":8},"end":{"line":88,"column":9}},"42":{"start":{"line":83,"column":10},"end":{"line":83,"column":27}},"43":{"start":{"line":85,"column":10},"end":{"line":85,"column":47}},"44":{"start":{"line":87,"column":10},"end":{"line":87,"column":38}},"45":{"start":{"line":94,"column":4},"end":{"line":94,"column":42}},"46":{"start":{"line":95,"column":4},"end":{"line":95,"column":39}},"47":{"start":{"line":96,"column":4},"end":{"line":96,"column":33}},"48":{"start":{"line":97,"column":4},"end":{"line":97,"column":26}},"49":{"start":{"line":116,"column":4},"end":{"line":116,"column":40}},"50":{"start":{"line":117,"column":4},"end":{"line":117,"column":50}},"51":{"start":{"line":119,"column":4},"end":{"line":119,"column":21}},"52":{"start":{"line":123,"column":4},"end":{"line":191,"column":5}},"53":{"start":{"line":126,"column":6},"end":{"line":126,"column":31}},"54":{"start":{"line":129,"column":6},"end":{"line":133,"column":19}},"55":{"start":{"line":130,"column":8},"end":{"line":130,"column":23}},"56":{"start":{"line":131,"column":8},"end":{"line":131,"column":44}},"57":{"start":{"line":136,"column":6},"end":{"line":159,"column":20}},"58":{"start":{"line":138,"column":8},"end":{"line":138,"column":32}},"59":{"start":{"line":139,"column":8},"end":{"line":139,"column":41}},"60":{"start":{"line":141,"column":8},"end":{"line":155,"column":9}},"61":{"start":{"line":144,"column":10},"end":{"line":154,"column":11}},"62":{"start":{"line":145,"column":12},"end":{"line":145,"column":61}},"63":{"start":{"line":146,"column":17},"end":{"line":154,"column":11}},"64":{"start":{"line":148,"column":12},"end":{"line":151,"column":25}},"65":{"start":{"line":149,"column":14},"end":{"line":149,"column":41}},"66":{"start":{"line":150,"column":14},"end":{"line":150,"column":25}},"67":{"start":{"line":153,"column":12},"end":{"line":153,"column":60}},"68":{"start":{"line":157,"column":8},"end":{"line":157,"column":35}},"69":{"start":{"line":162,"column":6},"end":{"line":162,"column":51}},"70":{"start":{"line":165,"column":6},"end":{"line":172,"column":7}},"71":{"start":{"line":166,"column":8},"end":{"line":17
[...]
:{"line":35,"column":11},"end":{"line":35,"column":30}}}},"statementMap":{"1":{"start":{"line":1,"column":0},"end":{"line":1,"column":23}},"2":{"start":{"line":2,"column":0},"end":{"line":2,"column":43}},"3":{"start":{"line":3,"column":0},"end":{"line":3,"column":28}},"4":{"start":{"line":5,"column":0},"end":{"line":39,"column":2}},"5":{"start":{"line":8,"column":4},"end":{"line":8,"column":41}},"6":{"start":{"line":12,"column":4},"end":{"line":12,"column":37}},"7":{"start":{"line":16,"column":4},"end":{"line":16,"column":38}},"8":{"start":{"line":20,"column":4},"end":{"line":20,"column":40}},"9":{"start":{"line":24,"column":4},"end":{"line":24,"column":41}},"10":{"start":{"line":28,"column":4},"end":{"line":28,"column":24}},"11":{"start":{"line":36,"column":4},"end":{"line":36,"column":21}}},"branchMap":{},"code":["var OS = require('os');","var spawn = require('child_process').spawn;","var server = require('net');","","module.exports = {","","  getHostname:function(callback) {","    return callback(null, OS.hostname());","  },","","  getType:function(callback) {","    return callback(null, OS.type());","  },","","  getUptime:function(callback) {","    return callback(null, OS.uptime())","  },","","  getLoadAvg:function(callback) {","    return callback(null, OS.loadavg());","  },","","  getTotalMemory: function(callback) {","    return callback(null, OS.totalmem());","  },","","  getFreeMemory: function(callback) {","    return OS.freemem();","  },","","  getServerConnections: function(req, callback) {","    // req.connection.server","  },","","  getCpus: function(callback) {","    return OS.cpus();","  }","","};","","","","",""],"l":{"1":1,"2":1,"3":1,"5":1,"8":0,"12":0,"16":0,"20":0,"24":0,"28":0,"36":0}},"/home/travis/build/npmtest/node-npmtest-nodeadmin/node_modules/nodeadmin/gulpfile.js":{"path":"/home/travis/build/npmtest/node-npmtest-nodeadmin/node_modules/nodeadmin/gulpfile.js","s":{"1":2,"2":0,"3":0,"4":0,"5":0,"6":0,"7":0,"8":0,"9":0,"10":0,"11":0,"12":0},"b":{},"f":{"1":0,"2":0},"fnMap":{"1":{"name":"(anonymous_1)","line":15,"loc":{"start":{"line":15,"column":23},"end":{"line":15,"column":33}}},"2":{"name":"(anonymous_2)","line":30,"loc":{"start":{"line":30,"column":21},"end":{"line":30,"column":32}}}},"statementMap":{"1":{"start":{"line":1,"column":0},"end":{"line":1,"column":27}},"2":{"start":{"line":2,"column":0},"end":{"line":2,"column":34}},"3":{"start":{"line":3,"column":0},"end":{"line":3,"column":44}},"4":{"start":{"line":4,"column":0},"end":{"line":4,"column":36}},"5":{"start":{"line":5,"column":0},"end":{"line":5,"column":36}},"6":{"start":{"line":6,"column":0},"end":{"line":6,"column":36}},"7":{"start":{"line":9,"column":0},"end":{"line":12,"column":1}},"8":{"start":{"line":15,"column":0},"end":{"line":26,"column":3}},"9":{"start":{"line":17,"column":2},"end":{"line":24,"column":38}},"10":{"start":{"line":30,"column":0},"end":{"line":33,"column":3}},"11":{"start":{"line":31,"column":2},"end":{"line":31,"column":60}},"12":{"start":{"line":35,"column":0},"end":{"line":35,"column":34}}},"branchMap":{},"code":["var gulp = require('gulp');","var babel = require('gulp-babel');","var browserify = require('gulp-browserify');","var concat = require('gulp-concat');","var uglify = require('gulp-uglify');","var rename = require('gulp-rename');","","","var path = {","  app:'middleware/public/src/app.js',","  babel_dest:'middleware/public/dist'","}","","","gulp.task('transform', function(){","","  gulp.src(path.app)","    .pipe(babel())","    .pipe(browserify({","      insertGlobals:true","","    }))","    .pipe(rename('bundle.js'))","    .pipe(gulp.dest(path.babel_dest));","","});","  ","","","gulp.task('default', function (){","  gulp.watch('middleware/public/src/app.js', ['transform']);","","});","","gulp.task('build', ['transform']);",""],"l":{"1":2,"2":0,"3":0,"4":0,"5":0,"6":0,"9":0,"15":0,"17":0,"30":0,"31":0,"35":0}},"/home/travis/build/npmtest/node-npmtest-nodeadmin/node_modules/nodeadmin/middleware/secret.js":{"path":"/home/travis/build/npmtest/node-npmtest-nodeadmin/node_modules/nodeadmin/middleware/secret.js","s":{"1":1},"b":{},"f":{},"fnMap":{},"statementMap":{"1":{"start":{"line":1,"column":0},"end":{"line":1,"column":52}}},"branchMap":{},"code":["module.exports = 'lz1l44gVcWR0EWgqpEDKA78hdK3ZDZz6';"],"l":{"1":1}},"/home/travis/build/npmtest/node-npmtest-nodeadmin/node_modules/nodeadmin/testserver/index.js":{"path":"/home/travis/build/npmtest/node-npmtest-nodeadmin/node_modules/nodeadmin/testserver/index.js","s":{"1":1,"2":1,"3":1,"4":1,"5":1,"6":1,"7":0,"8":1,"9":1},"b":{"1":[1,0],"2":[1,0]},"f":{"1":0},"fnMap":{"1":{"name":"(anonymous_1)","line":9,"loc":{"start":{"line":9,"column":13},"end":{"line":9,"column":38}}}},"statementMap":{"1":{"start":{"line":1,"column":0},"end":{"line":1,"column":33}},"2":{"start":{"line":2,"column":0},"end":{"line":2,"column":20}},"3":{"start":{"line":3,"column":0},"end":{"line":3,"column":29}},"4":{"start":{"line":5,"column":0},"end":{"line":5,"column":63}},"5":{"start":{"line":8,"column":0},"end":{"line":8,"column":50}},"6":{"start":{"line":9,"column":0},"end":{"line":13,"column":3}},"7":{"start":{"line":11,"column":2},"end":{"line":11,"column":35}},"8":{"start":{"line":15,"column":0},"end":{"line":15,"column":37}},"9":{"start":{"line":17,"column":0},"end":{"line":17,"column":21}}},"branchMap":{"1":{"line":8,"type":"binary-expr","locations":[{"start":{"line":8,"column":23},"end":{"line":8,"column":39}},{"start":{"line":8,"column":43},"end":{"line":8,"column":47}}]},"2":{"line":15,"type":"binary-expr","locations":[{"start":{"line":15,"column":11},"end":{"line":15,"column":27}},{"start":{"line":15,"column":31},"end":{"line":15,"column":35}}]}},"code":["var express = require('express');","var app = express();","var mysql = require('mysql');","","var nodeadmin = require(__dirname + '/../middleware/index.js');","","","app.use(nodeadmin(app, process.env.PORT || 4040));","app.use('/', function(req, res, next) {","","  res.send('<h1>HELLO WORLD</h1>');","","});","","app.listen(process.env.PORT || 4040);","","module.exports = app;",""],"l":{"1":1,"2":1,"3":1,"5":1,"8":1,"9":1,"11":0,"15":1,"17":1}},"/home/travis/build/npmtest/node-npmtest-nodeadmin/node_modules/nodeadmin/middleware/sockets/socketcontroller.js":{"path":"/home/travis/build/npmtest/node-npmtest-nodeadmin/node_modules/nodeadmin/middleware/sockets/socketcontroller.js","s":{"1":1,"2":1,"3":1,"4":1,"5":1,"6":1,"7":0,"8":0,"9":0,"10":0,"11":0,"12":0,"13":0,"14":0,"15":0,"16":0,"17":0,"18":0,"19":1,"20":0,"21":0,"22":0,"23":0,"24":0,"25":0,"26":0,"27":0,"28":0,"29":0,"30":0,"31":0,"32":0},"b":{"1":[0,0],"2":[0,0]},"f":{"1":1,"2":0,"3":0,"4":0,"5":0,"6":0,"7":0,"8":0,"9":0,"10":0,"11":0,"12":0,"13":0},"fnMap":{"1":{"name":"(anonymous_1)","line":6,"loc":{"start":{"line":6,"column":17},"end":{"line":6,"column":31}}},"2":{"name":"(anonymous_2)","line":7,"loc":{"start":{"line":7,"column":36},"end":{"line":7,"column":54}}},"3":{"name":"(anonymous_3)","line":8,"loc":{"start":{"line":8,"column":25},"end":{"line":8,"column":37}}},"4":{"name":"(anonymous_4)","line":10,"loc":{"start":{"line":10,"column":31},"end":{"line":10,"column":42}}},"5":{"name":"(anonymous_5)","line":18,"loc":{"start":{"line":18,"column":26},"end":{"line":18,"column":38}}},"6":{"name":"(anonymous_6)","line":20,"loc":{"start":{"line":20,"column":20},"end":{"line":20,"column":32}}},"7":{"name":"(anonymous_7)","line":28,"loc":{"start":{"line":28,"column":34},"end":{"line":28,"column":51}}},"8":{"name":"(anonymous_8)","line":30,"loc":{"start":{"line":30,"column":26},"end":{"line":30,"column":36}}},"9":{"name":"(anonymous_9)","line":32,"loc":{"start":{"line":32,"column":31},"end":{"line":32,"column":41}}},"10":{"name":"(anonymous_10)","line":36,"loc":{"start":{"line":36,"column":29},"end":{"line":36,"column":41}}},"11":{"name":"(anonymous_11)","line":39,"loc":{"start":{"line":39,"column":27},"end":{"line":39,"column":37}}},"12":{"name":"(anonymous_12)","line":41,"loc":{"start":{"line":41,"column":28},"end":{"line":41,"column":38}}},"13":{"name":"(anonymous_13)","line":45,"loc":{"start":{"line":45,"column":30},"end":{"line":45,"column":42}}}},"statementMap":{"1":{"start":{"line":1,"column":0},"end":{"line":1,"column":43}},"2":{"start":{"line":2,"column":0},"end":{"line":2,"column":55}},"3":{"start":{"line":3,"column":0},"end":{"line":3,"column":23}},"4":{"start":{"line":4,"column":0},"end":{"line":4,"column":7}},"5":{"start":{"line":6,"column":0},"end":{"line":50,"column":1}},"6":{"start":{"line":7,"column":2},"end":{"line":26,"column":5}},"7":{"start":{"line":8,"column":4},"end":{"line":17,"column":7}},"8":{"start":{"line":9,"column":6},"end":{"line":9,"column":80}},"9":{"start":{"line":10,"column":6},"end":{"line":16,"column":9}},"10":{"start":{"line":11,"column":8},"end":{"line":11,"column":33}},"11":{"start":{"line":12,"column":8},"end":{"line":15,"column":9}},"12":{"start":{"line":13,"column":10},"end":{"line":13,"column":44}},"13":{"start":{"line":14,"column":10},"end":{"line":14,"column":41}},"14":{"start":{"line":18,"column":4},"end":{"line":24,"column":7}},"15":{"start":{"line":19,"column":6},"end":{"line":19,"column":16}},"16":{"start":{"line":20,"column":6},"end":{"line":23,"column":9}},"17":{"start":{"line":21,"column":8},"end":{"line":21,"column":18}},"18":{"start":{"line":22,"column":8},"end":{"line":22,"column":61}},"19":{"start":{"line":28,"column":2},"end":{"line":48,"column":5}},"20":{"start":{"line":29,"column":4},"end":{"line":29,"column":28}},"21":{"start":{"line":30,"column":4},"end":{"line":35,"column":7}},"22":{"start":{"line":31,"column":6},"end":{"line":31,"column":60}},"23":{"start":{"line":32,"column":6},"end":{"line":34,"column":15}},"24":{"start":{"line":33,"column":8},"end":{"line":33,"column":62}},"25":{"start":{"line":36,"column":4},"end":{"line":38,"column":7}},"26":{"start":{"line":37,"column":6},"end":{"line":37,"column":32}},"27":{"start":{"line":39,"column":4},"end":{"line":44,"column":7}},"28":{"start":{"line":40,"column":6},"end":{"line":40,"column":57}},"29":{"start":{"line":41,"column":6},"end":{"line":43,"column":14}},"30":{"start":{"line":42,"column":8},"end":{"line":42,"column":59}},"31":{"start":{"line":45,"column":4},"end":{"line":47,"column":7}},"32":{"start":{"line":46,"column":6},"end":{"line":46,"column":29}}},"branchMap":{"1":{"line":9,"type":"binary-expr","locations":[{"start":{"line":9,"column":11},"end":{"line":9,"column":13}},{"start":{"line":9,"column":17},"end":{"line":9,"column":79}}]},"2":{"line":12,"type":"if","locations":[{"start":{"line":12,"column":8},"end":{"line":12,"column":8}},{"start":{"line":12,"column":8},"end":{"line":12,"column":8}}]}},"code":["var spawn = require('child_process').spawn;","var HomeController = require('../home/homecontroller');","var fs = require('fs');","var ls;","","module.exports = function (io) {","  io.of('/system').on('connection', function (socket) {","    socket.on('getlogs', function () {","      ls = ls || spawn('tail', ['-f', __dirname + \"/../serverlogs/access.log\"]);","      ls.stdout.on('readable', function() {","        var buffer = this.read();","        if(buffer !== null) {","          var asMessage = buffer.toString();","          socket.emit('logs', asMessage);","        }","      });  ","    });","    socket.on('stoplogs', function () {","      ls.kill();","      ls.on('exit', function () {","        ls = null;","        fs.truncate(__dirname + '/../serverlogs/access.log');","      });","    });","","  });","","  io.of('/home').on('connection', function(socket) {","    var memoryTick, cpuTick;","    socket.on('pressure', function(){","      socket.emit('memory', HomeController.getFreeMemory());","      memoryTick = setInterval(function(){","        socket.emit('memory', HomeController.getFreeMemory());","      }, 2500);","    });","    socket.on('endpressure', function () {","      clearInterval(memoryTick);","    });","    socket.on('clientcpu', function(){","      socket.emit('servercpu', HomeController.getCpus());","      cpuTick = setInterval(function(){","        socket.emit('servercpu', HomeController.getCpus());","      }, 500);","    });","    socket.on('endclientcpu', function () {","      clearInterval(cpuTick);","    });","  });","","}",""],"l":{"1":1,"2":1,"3":1,"4":1,"6":1,"7":1,"8":0,"9":0,"10":0,"11":0,"12":0,"13":0,"14":0,"18":0,"19":0,"20":0,"21":0,"22":0,"28":1,"29":0,"30":0,"31":0,"32":0,"33":0,"36":0,"37":0,"39":0,"40":0,"41":0,"42":0,"45":0,"46":0}},"/home/travis/build/npmtest/node-npmtest-nodeadmin/node_modules/nodeadmin/middleware/util/databaseutilities.js":{"path":"/home/travis/build/npmtest/node-npmtest-nodeadmin/node_modules/nodeadmin/middleware/util/databaseutilities.js","s":{"1":1},"b":{},"f":{},"fnMap":{},"statementMap":{"1":{"start":{"line":3,"column":0},"end":{"line":5,"column":1}}},"branchMap":{},"code":["","","module.exports = {","","}",""],"l":{"3":1}},"/home/travis/build/npmtest/node-npmtest-nodeadmin/node_modules/nodeadmin/middleware/public/app/app.js":{"path":"/home/travis/build/npmtest/node-npmtest-nodeadmin/node_modules/nodeadmin/middleware/public/app/app.js","s":{"1":2,"2":0,"3":0,"4":0,"5":0,"6":0,"7":0,"8":0,"9":0},"b":{"1":[0,0],"2":[0,0]},"f":{"1":0,"2":0,"3":0},"fnMap":{"1":{"name":"(anonymous_1)","line":36,"loc":{"start":{"line":36,"column":8},"end":{"line":36,"column":69}}},"2":{"name":"(anonymous_2)","line":184,"loc":{"start":{"line":184,"column":5},"end":{"line":184,"column":68}}},"3":{"name":"(anonymous_3)","line":187,"loc":{"start":{"line":187,"column":38},"end":{"line":187,"column":97}}}},"statementMap":{"1":{"start":{"line":1,"column":0},"end":{"line":200,"column":3}},"2":{"start":{"line":37,"column":2},"end":{"line":179,"column":7}},"3":{"start":{"line":181,"column":4},"end":{"line":181,"column":43}},"4":{"start":{"line":187,"column":2},"end":{"line":199,"column":5}},"5":{"start":{"line":190,"column":4},"end":{"line":190,"column":56}},"6":{"start":{"line":191,"column":4},"end":{"line":191,"column":57}},"7":{"start":{"line":194,"column":4},"end":{"line":198,"column":5}},"8":{"start":{"line":196,"column":6},"end":{"line":196,"column":29}},"9":{"start":{"line":197,"column":6},"end":{"line":197,"column":35}}},"branchMap":{"1":{"line":194,"type":"if","locations":[{"start":{"line":194,"column":4},"end":{"line":194,"column":4}},{"start":{"line":194,"column":4},"end":{"line":194,"column":4}}]},"2":{"line":194,"type":"binary-expr","locations":[{"start":{"line":194,"column":8},"end":{"line":194,"column":33}},{"start":{"line":194,"column":37},"end":{"line":194,"column":51}}]}},"code":["angular.module('nodeadmin', [","  'nodeadmin.services',","  'nodeadmin.togglemenu',","  'nodeadmin.alertcenter',","  'nodeadmin.alertcenterfactory',","  'nodeadmin.socket',","  'nodeadmin.home',","  'nodeadmin.auth',","  'nodeadmin.main',","  'nodeadmin.settings',","  'nodeadmin.settings.users',","  'nodeadmin.settings.viewprivileges',","  'nodeadmin.settings.editprivileges',","  'nodeadmin.settings.adduser',","  'nodeadmin.settings.deleteUser',","  'nodeadmin.system',","  'nodeadmin.system.modules',","  'nodeadmin.system.logs',","  'nodeadmin.db',","  'nodeadmin.db.dbhome',","  'nodeadmin.db.createdb',","  'nodeadmin.db.deletedb',","  'nodeadmin.db.viewTables',","  'nodeadmin.db.createtable',","  'nodeadmin.db.deleteTable',","  'nodeadmin.db.query',","  'nodeadmin.records',","  'nodeadmin.records.services',","  'ui.router',","  'ui.bootstrap',","  'chart.js',","  'angular-toArrayFilter',","  'pasvaz.bindonce',","  'angularSpinner'","])",".config(function ($stateProvider, $urlRouterProvider, $httpProvider) {","  $stateProvider","    .state('login', {","      url: '/login',","      templateUrl: './app/auth/login.html',","      controller: 'AuthController',","      data: {","        requireLogin: false","      }","    })","","    .state('main', {","      abstract: true,","      url: '/',","      templateUrl: 'app/main/main.html',","      controller: 'AuthController',","      data: {","        requireLogin: true","      }","    })","","    .state('home', {","      parent: 'main',","      url: '',","      templateUrl: 'app/home/home.html',","      controller: 'HomeController',","      data: {","        requireLogin: true","      }","    })","","    .state('settings', {","      abstract: true,","      parent: 'main',","      url: 'settings',","      templateUrl: 'app/settings/settings.html',","      controller: 'SettingsController',","      data: {","        requireLogin: true","      }","    })","    .state('users', {","      parent: 'settings',","      url: '',","      templateUrl: 'app/settings/users/users.html',","      controller: 'UsersController',","      data: {","        requireLogin: true","      }","    })","    .state('grants', {","      parent: 'settings',","      url: '/:user?host',","      templateUrl: 'app/settings/users/editPrivileges.html',","      controller: 'EditPrivilegesController',","      data: {","        requireLogin: true","      }","    })","","    .state('system', {","      abstract: true,","      parent: 'main',","      url: 'system',","      templateUrl: 'app/system/system.html',","      controller: 'SystemController',","      data: {","        requireLogin: true","      }","    })","    .state('modules', {","      parent: 'system',","      url: '',","      templateUrl: 'app/system/modules/modules.html',","      controller: 'ModulesController',","      data: {","        requireLogin: true","      }","    })","    .state('logs', {","      parent: 'system',","      url: '/logs',","      templateUrl: 'app/system/serverLogs/serverLogs.html',","      controller: 'LogsController',","      data: {","        requireLogin: true","      }","    })","","    .state('db', {","      abstract: true,","      parent: 'main',","      url: 'db',","      templateUrl: 'app/db/db.html',","      controller: 'DBController',","      data: {","        requireLogin: true","      }","    })","    .state('dbhome', {","      parent: 'db',","      url: '',","      templateUrl: 'app/db/dbhome/dbhome.html',","      controller: 'DBHomeController',","      data: {","        requireLogin: true","      }","    })","    .state('tables', {","      parent: 'db',","      url: '/:database',","      templateUrl: 'app/db/viewtables/viewtables.html',","      controller: 'TableViewController',","      data: {","        requireLogin: true","      }","    })","    .state('createtable', {","      parent: 'db',","      url: '/:database/createtable',","      templateUrl: 'app/db/viewtables/createtable.html',","      controller: 'CreateTableViewController',","      data: {","        requireLogin: true","      }","    })","    .state('records', {","      parent: 'db',","      url: '/:database/:table/:page?sortBy&sortDir',","      templateUrl: 'app/db/records/records.html',","      controller: 'RecordsController',","      data: {","        requireLogin: false","      }","    })","    .state('kwikwery', {","      parent: 'main',","      url:'query',","      templateUrl: 'app/db/query/query.html',","      controller: 'QueryController',","      data: {","        requireLogin: false","      }","    });","","    $urlRouterProvider.otherwise('/login');","})","// Hidden for dev (requires login to access states)",".run(function ($window, $http, $rootScope, $location, $state, Auth) {","","  // Check for token on each state change","  $rootScope.$on('$stateChangeStart', function (event, toState, toParams, fromState, fromParams) {","","    // Add token to headers for every http request","    var jwt = $window.localStorage.getItem('nodeadmin');","    $http.defaults.headers.common['Authorization'] = jwt;","","    // If state requires login and if user doesn't have token","    if (toState.data.requireLogin && !Auth.isAuth()) {","      // User isn't authenticated, so prevent state change","      event.preventDefault();","      $state.transitionTo('login');","    }","  });","});","",""],"l":{"1":2,"37":0,"181":0,"187":0,"190":0,"191":0,"194":0,"196":0,"197":0}}}